==============================
[2026-03-13 08:32:58] 부동산 동기화 시작
[dotenv@17.3.1] injecting env (0) from .env.local -- tip: 🤖 agentic secret storage: https://dotenvx.com/as2
🏠 부동산 실거래가 파이프라인 시작
📅 기간: 202602 ~ 202603 (2개월)
📍 지역: 서초구, 강남구, 송파구


📍 서초구 (11650)
  📊 202603 매매: 7건 조회, 3건 저장
  🏠 202603 전월세: 238건 조회, 34건 저장
  📊 202602 매매: 91건 조회, 7건 저장
  🏠 202602 전월세: 941건 조회, 10건 저장

📍 강남구 (11680)
  📊 202603 매매: 5건 조회, 2건 저장
  🏠 202603 전월세: 351건 조회, 49건 저장
  📊 202602 매매: 115건 조회, 3건 저장
  🏠 202602 전월세: 1154건 조회, 15건 저장

📍 송파구 (11710)
  📊 202603 매매: 30건 조회, 8건 저장
  🏠 202603 전월세: 412건 조회, 64건 저장
  📊 202602 매매: 213건 조회, 5건 저장
  🏠 202602 전월세: 1263건 조회, 21건 저장

🏢 단지 마스터 동기화...
  ✅ 552개 단지 동기화 완료

✅ 파이프라인 완료
   매매: 461건 조회 → 28건 저장
   전월세: 4359건 조회 → 193건 저장
[2026-03-13 08:33:24] 완료 (exit: 0)

==============================
[2026-03-13 08:33:43] 부동산 동기화 시작
[dotenv@17.3.1] injecting env (0) from .env.local -- tip: 🛠️  run anywhere with `dotenvx run -- yourcommand`
🏠 부동산 실거래가 파이프라인 시작
📅 기간: 202602 ~ 202603 (2개월)
📍 지역: 서초구, 강남구, 송파구


📍 서초구 (11650)
  📊 202603 매매: 7건 조회, 0건 저장
  🏠 202603 전월세: 238건 조회, 0건 저장
  📊 202602 매매: 91건 조회, 0건 저장
  🏠 202602 전월세: 941건 조회, 0건 저장

📍 강남구 (11680)
  📊 202603 매매: 5건 조회, 0건 저장
  🏠 202603 전월세: 351건 조회, 0건 저장
  📊 202602 매매: 115건 조회, 0건 저장
  🏠 202602 전월세: 1154건 조회, 0건 저장

📍 송파구 (11710)
  📊 202603 매매: 30건 조회, 0건 저장
  🏠 202603 전월세: 412건 조회, 0건 저장
  📊 202602 매매: 213건 조회, 0건 저장
  🏠 202602 전월세: 1263건 조회, 0건 저장

🏢 단지 마스터 동기화...
  ✅ 552개 단지 동기화 완료

✅ 파이프라인 완료
   매매: 461건 조회 → 0건 저장
   전월세: 4359건 조회 → 0건 저장
[2026-03-13 08:34:04] 완료 (exit: 0)

