===== 2026-05-28 12:30:43 KST sector-rotation start =====
[dotenv@17.3.1] injecting env (31) from .env.local -- tip: 🔐 prevent building .env in docker: https://dotenvx.com/prebuild
[sector-rotation] Fetching 25 ETFs (range=1mo)...
  XLK   Technology                   21 rows
  XLV   Health Care                  21 rows
  XLF   Financials                   21 rows
  XLE   Energy                       21 rows
  XLI   Industrials                  21 rows
  XLY   Consumer Discretionary       21 rows
  XLC   Communication Services       21 rows
  XLB   Materials                    21 rows
  XLU   Utilities                    21 rows
  XLRE  Real Estate                  21 rows
  XLP   Consumer Staples             21 rows
  SMH   Semiconductor                21 rows
  IBB   Biotech                      21 rows
  ARKK  Innovation                   21 rows
  KRE   Regional Banks               21 rows
  XME   Metals & Mining              21 rows
  GDX   Gold Miners                  21 rows
  URA   Uranium                      21 rows
  ITA   Aerospace & Defense          21 rows
  ICLN  Clean Energy                 21 rows
  KWEB  China Internet               21 rows
  EWY   South Korea                  21 rows
  QTUM  Quantum                      21 rows
  PAVE  Infrastructure               21 rows
  AIQ   AI                           21 rows
[sector-rotation] done. 525 rows upserted, 0 errors.
===== 2026-05-28 12:31:00 KST sector-rotation done =====
===== 2026-05-29 07:15:04 KST sector-rotation start =====
[dotenv@17.3.1] injecting env (31) from .env.local -- tip: 🔐 encrypt with Dotenvx: https://dotenvx.com
[sector-rotation] Fetching 49 ETFs (range=1mo)...
  SPY   S&P 500                      21 rows
  QQQ   Nasdaq 100                   21 rows
  QLD   Ultra QQQ (2x)               21 rows
  XLK   Technology                   21 rows
  XLV   Health Care                  21 rows
  XLF   Financials                   21 rows
  XLE   Energy                       21 rows
  XLI   Industrials                  21 rows
  XLY   Consumer Discretionary       21 rows
  XLC   Communication Services       21 rows
  XLB   Materials                    21 rows
  XLU   Utilities                    21 rows
  XLRE  Real Estate                  21 rows
  XLP   Consumer Staples             21 rows
  SMH   Semiconductor                21 rows
  IBB   Biotech                      21 rows
  ARKK  Innovation                   21 rows
  KRE   Regional Banks               21 rows
  XME   Metals & Mining              21 rows
  GDX   Gold Miners                  21 rows
  URA   Uranium                      21 rows
  ITA   Aerospace & Defense          21 rows
  ICLN  Clean Energy                 21 rows
  KWEB  China Internet               21 rows
  EWY   South Korea                  21 rows
  QTUM  Quantum                      21 rows
  PAVE  Infrastructure               21 rows
  AIQ   AI                           21 rows
  GLD   Gold                         21 rows
  TLT   US 20Y+ Treasury             21 rows
  IBIT  Bitcoin Spot                 21 rows
  XBI   Small-cap Biotech            21 rows
  000660.KS SK하이닉스                       20 rows
  005930.KS 삼성전자                         20 rows
  MU    Micron                       21 rows
  MRVL  Marvell                      21 rows
  VRT   Vertiv                       21 rows
  CIEN  Ciena                        21 rows
  IREN  IREN                         21 rows
  SNDK  SanDisk                      21 rows
  BE    Bloom Energy                 21 rows
  OKLO  Oklo                         21 rows
  PLTR  Palantir                     21 rows
  012450.KS 한화에어로스페이스                    20 rows
  064350.KS 현대로템                         20 rows
  RKLB  Rocket Lab                   21 rows
  006800.KS 미래에셋증권                       20 rows
  005380.KS 현대차                          20 rows
  QBTS  D-Wave Quantum               21 rows
[sector-rotation] done. 1023 rows upserted, 0 errors.
===== 2026-05-29 07:15:31 KST sector-rotation done =====
===== 2026-05-30 07:15:05 KST sector-rotation start =====
[dotenv@17.3.1] injecting env (31) from .env.local -- tip: ⚙️  override existing env vars with { override: true }
[sector-rotation] Fetching 49 ETFs (range=1mo)...
  SPY   S&P 500                      21 rows
  QQQ   Nasdaq 100                   21 rows
  QLD   Ultra QQQ (2x)               21 rows
  XLK   Technology                   21 rows
  XLV   Health Care                  21 rows
  XLF   Financials                   21 rows
  XLE   Energy                       21 rows
  XLI   Industrials                  21 rows
  XLY   Consumer Discretionary       21 rows
  XLC   Communication Services       21 rows
  XLB   Materials                    21 rows
  XLU   Utilities                    21 rows
  XLRE  Real Estate                  21 rows
  XLP   Consumer Staples             21 rows
  SMH   Semiconductor                21 rows
  IBB   Biotech                      21 rows
  ARKK  Innovation                   21 rows
  KRE   Regional Banks               21 rows
  XME   Metals & Mining              21 rows
  GDX   Gold Miners                  21 rows
  URA   Uranium                      21 rows
  ITA   Aerospace & Defense          21 rows
  ICLN  Clean Energy                 21 rows
  KWEB  China Internet               21 rows
  EWY   South Korea                  21 rows
  QTUM  Quantum                      21 rows
  PAVE  Infrastructure               21 rows
  AIQ   AI                           21 rows
  GLD   Gold                         21 rows
  TLT   US 20Y+ Treasury             21 rows
  IBIT  Bitcoin Spot                 21 rows
  XBI   Small-cap Biotech            21 rows
  000660.KS SK하이닉스                       20 rows
  005930.KS 삼성전자                         20 rows
  MU    Micron                       21 rows
  MRVL  Marvell                      21 rows
  VRT   Vertiv                       21 rows
  CIEN  Ciena                        21 rows
  IREN  IREN                         21 rows
  SNDK  SanDisk                      21 rows
  BE    Bloom Energy                 21 rows
  OKLO  Oklo                         21 rows
  PLTR  Palantir                     21 rows
  012450.KS 한화에어로스페이스                    20 rows
  064350.KS 현대로템                         20 rows
  RKLB  Rocket Lab                   21 rows
  006800.KS 미래에셋증권                       20 rows
  005380.KS 현대차                          20 rows
  QBTS  D-Wave Quantum               21 rows
[sector-rotation] done. 1023 rows upserted, 0 errors.
===== 2026-05-30 07:15:31 KST sector-rotation done =====
===== 2026-05-31 07:15:03 KST sector-rotation start =====
[dotenv@17.3.1] injecting env (31) from .env.local -- tip: ⚙️  specify custom .env file path with { path: '/custom/path/.env' }
[sector-rotation] Fetching 49 ETFs (range=1mo)...
  SPY   S&P 500                      21 rows
  QQQ   Nasdaq 100                   21 rows
  QLD   Ultra QQQ (2x)               21 rows
  XLK   Technology                   21 rows
  XLV   Health Care                  21 rows
  XLF   Financials                   21 rows
  XLE   Energy                       21 rows
  XLI   Industrials                  21 rows
  XLY   Consumer Discretionary       21 rows
  XLC   Communication Services       21 rows
  XLB   Materials                    21 rows
  XLU   Utilities                    21 rows
  XLRE  Real Estate                  21 rows
  XLP   Consumer Staples             21 rows
  SMH   Semiconductor                21 rows
  IBB   Biotech                      21 rows
  ARKK  Innovation                   21 rows
  KRE   Regional Banks               21 rows
  XME   Metals & Mining              21 rows
  GDX   Gold Miners                  21 rows
  URA   Uranium                      21 rows
  ITA   Aerospace & Defense          21 rows
  ICLN  Clean Energy                 21 rows
  KWEB  China Internet               21 rows
  EWY   South Korea                  21 rows
  QTUM  Quantum                      21 rows
  PAVE  Infrastructure               21 rows
  AIQ   AI                           21 rows
  GLD   Gold                         21 rows
  TLT   US 20Y+ Treasury             21 rows
  IBIT  Bitcoin Spot                 21 rows
  XBI   Small-cap Biotech            21 rows
  000660.KS SK하이닉스                       20 rows
  005930.KS 삼성전자                         20 rows
  MU    Micron                       21 rows
  MRVL  Marvell                      21 rows
  VRT   Vertiv                       21 rows
  CIEN  Ciena                        21 rows
  IREN  IREN                         21 rows
  SNDK  SanDisk                      21 rows
  BE    Bloom Energy                 21 rows
  OKLO  Oklo                         21 rows
  PLTR  Palantir                     21 rows
  012450.KS 한화에어로스페이스                    20 rows
  064350.KS 현대로템                         20 rows
  RKLB  Rocket Lab                   21 rows
  006800.KS 미래에셋증권                       20 rows
  005380.KS 현대차                          20 rows
  QBTS  D-Wave Quantum               21 rows
[sector-rotation] done. 1023 rows upserted, 0 errors.
===== 2026-05-31 07:15:31 KST sector-rotation done =====
===== 2026-06-01 07:15:00 KST sector-rotation start =====
[dotenv@17.3.1] injecting env (31) from .env.local -- tip: ⚡️ secrets for agents: https://dotenvx.com/as2
[sector-rotation] Fetching 49 ETFs (range=1mo)...
  SPY   S&P 500                      21 rows
  QQQ   Nasdaq 100                   21 rows
  QLD   Ultra QQQ (2x)               21 rows
  XLK   Technology                   21 rows
  XLV   Health Care                  21 rows
  XLF   Financials                   21 rows
  XLE   Energy                       21 rows
  XLI   Industrials                  21 rows
  XLY   Consumer Discretionary       21 rows
  XLC   Communication Services       21 rows
  XLB   Materials                    21 rows
  XLU   Utilities                    21 rows
  XLRE  Real Estate                  21 rows
  XLP   Consumer Staples             21 rows
  SMH   Semiconductor                21 rows
  IBB   Biotech                      21 rows
  ARKK  Innovation                   21 rows
  KRE   Regional Banks               21 rows
  XME   Metals & Mining              21 rows
  GDX   Gold Miners                  21 rows
  URA   Uranium                      21 rows
  ITA   Aerospace & Defense          21 rows
  ICLN  Clean Energy                 21 rows
  KWEB  China Internet               21 rows
  EWY   South Korea                  21 rows
  QTUM  Quantum                      21 rows
  PAVE  Infrastructure               21 rows
  AIQ   AI                           21 rows
  GLD   Gold                         21 rows
  TLT   US 20Y+ Treasury             21 rows
  IBIT  Bitcoin Spot                 21 rows
  XBI   Small-cap Biotech            21 rows
  000660.KS SK하이닉스                       20 rows
  005930.KS 삼성전자                         20 rows
  MU    Micron                       21 rows
  MRVL  Marvell                      21 rows
  VRT   Vertiv                       21 rows
  CIEN  Ciena                        21 rows
  IREN  IREN                         21 rows
  SNDK  SanDisk                      21 rows
  BE    Bloom Energy                 21 rows
  OKLO  Oklo                         21 rows
  PLTR  Palantir                     21 rows
  012450.KS 한화에어로스페이스                    20 rows
  064350.KS 현대로템                         20 rows
  RKLB  Rocket Lab                   21 rows
  006800.KS 미래에셋증권                       20 rows
  005380.KS 현대차                          20 rows
  QBTS  D-Wave Quantum               21 rows
[sector-rotation] done. 1023 rows upserted, 0 errors.
===== 2026-06-01 07:15:27 KST sector-rotation done =====
===== 2026-06-02 07:15:00 KST sector-rotation start =====
[dotenv@17.3.1] injecting env (31) from .env.local -- tip: 🔐 prevent committing .env to code: https://dotenvx.com/precommit
[sector-rotation] Fetching 51 ETFs (range=1mo)...
  SPY   S&P 500                      20 rows
  QQQ   Nasdaq 100                   20 rows
  QLD   Ultra QQQ (2x)               20 rows
  XLK   Technology                   20 rows
  XLV   Health Care                  20 rows
  XLF   Financials                   20 rows
  XLE   Energy                       20 rows
  XLI   Industrials                  20 rows
  XLY   Consumer Discretionary       20 rows
  XLC   Communication Services       20 rows
  XLB   Materials                    20 rows
  XLU   Utilities                    20 rows
  XLRE  Real Estate                  20 rows
  XLP   Consumer Staples             20 rows
  SMH   Semiconductor                20 rows
  IBB   Biotech                      20 rows
  ARKK  Innovation                   20 rows
  KRE   Regional Banks               20 rows
  XME   Metals & Mining              20 rows
  GDX   Gold Miners                  20 rows
  URA   Uranium                      20 rows
  ITA   Aerospace & Defense          20 rows
  ICLN  Clean Energy                 20 rows
  KWEB  China Internet               20 rows
  EWY   South Korea                  20 rows
  QTUM  Quantum                      20 rows
  PAVE  Infrastructure               20 rows
  AIQ   AI                           20 rows
  GLD   Gold                         20 rows
  TLT   US 20Y+ Treasury             20 rows
  IBIT  Bitcoin Spot                 20 rows
  XBI   Small-cap Biotech            20 rows
  000660.KS SK하이닉스                       19 rows
  005930.KS 삼성전자                         19 rows
  MU    Micron                       20 rows
  MRVL  Marvell                      20 rows
  VRT   Vertiv                       20 rows
  CIEN  Ciena                        20 rows
  IREN  IREN                         20 rows
  SNDK  SanDisk                      20 rows
  BE    Bloom Energy                 20 rows
  OKLO  Oklo                         20 rows
  PLTR  Palantir                     20 rows
  012450.KS 한화에어로스페이스                    19 rows
  064350.KS 현대로템                         19 rows
  RKLB  Rocket Lab                   20 rows
  006800.KS 미래에셋증권                       19 rows
  005380.KS 현대차                          19 rows
  QBTS  D-Wave Quantum               20 rows
  066570.KS LG전자                         19 rows
  DELL  Dell Technologies            20 rows
[sector-rotation] done. 1013 rows upserted, 0 errors.
===== 2026-06-02 07:15:27 KST sector-rotation done =====
===== 2026-06-03 07:15:04 KST sector-rotation start =====
[dotenv@17.3.1] injecting env (31) from .env.local -- tip: ⚙️  enable debug logging with { debug: true }
[sector-rotation] Fetching 51 ETFs (range=1mo)...
  SPY   S&P 500                      21 rows
  QQQ   Nasdaq 100                   21 rows
  QLD   Ultra QQQ (2x)               21 rows
  XLK   Technology                   21 rows
  XLV   Health Care                  21 rows
  XLF   Financials                   21 rows
  XLE   Energy                       21 rows
  XLI   Industrials                  21 rows
  XLY   Consumer Discretionary       21 rows
  XLC   Communication Services       21 rows
  XLB   Materials                    21 rows
  XLU   Utilities                    21 rows
  XLRE  Real Estate                  21 rows
  XLP   Consumer Staples             21 rows
  SMH   Semiconductor                21 rows
  IBB   Biotech                      21 rows
  ARKK  Innovation                   21 rows
  KRE   Regional Banks               21 rows
  XME   Metals & Mining              21 rows
  GDX   Gold Miners                  21 rows
  URA   Uranium                      21 rows
  ITA   Aerospace & Defense          21 rows
  ICLN  Clean Energy                 21 rows
  KWEB  China Internet               21 rows
  EWY   South Korea                  21 rows
  QTUM  Quantum                      21 rows
  PAVE  Infrastructure               21 rows
  AIQ   AI                           21 rows
  GLD   Gold                         21 rows
  TLT   US 20Y+ Treasury             21 rows
  IBIT  Bitcoin Spot                 21 rows
  XBI   Small-cap Biotech            21 rows
  000660.KS SK하이닉스                       20 rows
  005930.KS 삼성전자                         20 rows
  MU    Micron                       21 rows
  MRVL  Marvell                      21 rows
  VRT   Vertiv                       21 rows
  CIEN  Ciena                        21 rows
  IREN  IREN                         21 rows
  SNDK  SanDisk                      21 rows
  BE    Bloom Energy                 21 rows
  OKLO  Oklo                         21 rows
  PLTR  Palantir                     21 rows
  012450.KS 한화에어로스페이스                    20 rows
  064350.KS 현대로템                         20 rows
  RKLB  Rocket Lab                   21 rows
  006800.KS 미래에셋증권                       20 rows
  005380.KS 현대차                          20 rows
  QBTS  D-Wave Quantum               21 rows
  066570.KS LG전자                         20 rows
  DELL  Dell Technologies            21 rows
[sector-rotation] done. 1064 rows upserted, 0 errors.
===== 2026-06-03 07:15:32 KST sector-rotation done =====
===== 2026-06-04 07:15:00 KST sector-rotation start =====
[dotenv@17.3.1] injecting env (31) from .env.local -- tip: ⚙️  suppress all logs with { quiet: true }
[sector-rotation] Fetching 51 ETFs (range=1mo)...
  SPY   S&P 500                      22 rows
  QQQ   Nasdaq 100                   22 rows
  QLD   Ultra QQQ (2x)               22 rows
  XLK   Technology                   22 rows
  XLV   Health Care                  22 rows
  XLF   Financials                   22 rows
  XLE   Energy                       22 rows
  XLI   Industrials                  22 rows
  XLY   Consumer Discretionary       22 rows
  XLC   Communication Services       22 rows
  XLB   Materials                    22 rows
  XLU   Utilities                    22 rows
  XLRE  Real Estate                  22 rows
  XLP   Consumer Staples             22 rows
  SMH   Semiconductor                22 rows
  IBB   Biotech                      22 rows
  ARKK  Innovation                   22 rows
  KRE   Regional Banks               22 rows
  XME   Metals & Mining              22 rows
  GDX   Gold Miners                  22 rows
  URA   Uranium                      22 rows
  ITA   Aerospace & Defense          22 rows
  ICLN  Clean Energy                 22 rows
  KWEB  China Internet               22 rows
  EWY   South Korea                  22 rows
  QTUM  Quantum                      22 rows
  PAVE  Infrastructure               22 rows
  AIQ   AI                           22 rows
  GLD   Gold                         22 rows
  TLT   US 20Y+ Treasury             22 rows
  IBIT  Bitcoin Spot                 22 rows
  XBI   Small-cap Biotech            22 rows
  000660.KS SK하이닉스                       20 rows
  005930.KS 삼성전자                         20 rows
  MU    Micron                       22 rows
  MRVL  Marvell                      22 rows
  VRT   Vertiv                       22 rows
  CIEN  Ciena                        22 rows
  IREN  IREN                         22 rows
  SNDK  SanDisk                      22 rows
  BE    Bloom Energy                 22 rows
  OKLO  Oklo                         22 rows
  PLTR  Palantir                     22 rows
  012450.KS 한화에어로스페이스                    20 rows
  064350.KS 현대로템                         20 rows
  RKLB  Rocket Lab                   22 rows
  006800.KS 미래에셋증권                       20 rows
  005380.KS 현대차                          20 rows
  QBTS  D-Wave Quantum               22 rows
  066570.KS LG전자                         20 rows
  DELL  Dell Technologies            22 rows
[sector-rotation] done. 1108 rows upserted, 0 errors.
===== 2026-06-04 07:15:29 KST sector-rotation done =====
