[dotenv@17.3.1] injecting env (24) from .env.local -- tip: 🔐 prevent committing .env to code: https://dotenvx.com/precommit
🌿 윌리(Willy) 시작...
✅ Bot: @willow_invt_bot (Willy) [PID: 26652]
📌 등록된 사용자: 1/2
📌 CEO chat_id 로드: 7586966475
[sendMessage] ✅ 전송 확인 (chunk 1/1, message_id: 4985)
🔄 자율 점검 활성화 (30분 간격)
📊 장 상태 모니터링 활성화 (5분 간격)
🚨 속보 감지 활성화 (20분 간격)
📌 저장된 offset 복원: 876837181
📡 텔레그램 메시지 대기 중...

📊 장 상태 초기화 — US: CLOSED, KR: REGULAR
🔍 자율 점검 중... (데이터 변화: true)
📢 자율 알림 전송: 대표님, 오늘 오후 3시 20분에 삼성서울병원 마취통증의학과 예약 있으시고, 내일 아침 9시 10분에 척추센터정형외과도 잡혀 있습니다. 오늘 진
[sendMessage] ✅ 전송 확인 (chunk 1/1, message_id: 4986)
⏭️ 속보 스킵 (마이너 매체): 동방일보 — 국제유가 급등세…석유 최고가격 조정 변수 - 동방일보
⏭️ 속보 스킵 (마이너 매체): 미디어피아 — [중동 속보] 2026.04.19 휴전 붕괴 임계점... 이란, 미 군함
📊 장 상태 변경 — US: CLOSED→PREPRE, KR: REGULAR→REGULAR
⏭️ 속보 스킵 (마이너 매체): 동방일보 — 국제유가 급등세…석유 최고가격 조정 변수 - 동방일보
⏭️ 속보 스킵 (마이너 매체): 동방일보 — 국제유가 급등세…석유 최고가격 조정 변수 - 동방일보
⏭️ 속보 스킵 (마이너 매체): 네이트 — 광전자 9% 하락·대한광통신 4%이상 하락·빛샘전자 6%이상 하락 '급락
⏭️ 속보 스킵 (마이너 매체): 인더스트리뉴스 — 국제유가, 호르무즈 재봉쇄·美 이란선박 발포에 급등…브렌트 4%·WTI 
⏭️ 속보 스킵 (마이너 매체): 뉴스웍스 — AI 이용료 급등에 기업 부담 증가…해고 인력 재고용 "사람이 더 싸다"
⏭️ 속보 스킵 (마이너 매체): CBC뉴스 — 광전자 9% 하락·대한광통신 4%이상 하락·빛샘전자 6%이상 하락 ‘급락
⏭️ 속보 스킵 (마이너 매체): 인더스트리뉴스 — 국제유가, 호르무즈 재봉쇄·美 이란선박 발포에 급등…브렌트 4%·WTI 
⏭️ 속보 스킵 (마이너 매체): 대한경제 — “집값 꺾였다더니…” 실거래 전수조사하니 1.9% ‘급등’ - 대한경제
📊 한국장 마감 브리핑 감지! 20분 후 브리핑 발송 예정 (US: PREPRE→PREPRE, KR: REGULAR→POST)
✅ 한국장 마감 브리핑 전송 완료
[sendMessage] ✅ 전송 확인 (chunk 1/1, message_id: 4989)
[sendMessage] ✅ 전송 확인 (chunk 1/1, message_id: 4990)
📊 한국장 마감 브리핑 발송 완료
📊 장 상태 변경 — US: PREPRE→PRE, KR: POST→POST
⏭️ 속보 스킵 (마이너 매체): 뉴스통 — 미, 이란 선박 나포에 유가 급등…금융시장 폭풍전야 - 뉴스통
⏭️ 속보 스킵 (마이너 매체): 브릿지경제 — 호르무즈 긴장 고조에 국제유가 다시 ‘급등’⋯ 6% 안팎↑ - 브릿지경제
⏭️ 속보 스킵 (마이너 매체): Investing.com 한국어 — 미국-이란 분쟁 재점화, 유가 급등 - 시장 동향 - Investing.
📊 장 상태 변경 — US: PRE→PRE, KR: POST→POSTPOST
⏭️ 속보 스킵 (마이너 매체): CBC뉴스 — 대한광통신 광전자 빛과전자 빛샘전자 등 광통신주, 급락·반등 교차…짙어진
[7586966475] User: https://eopla.net/magazines/41453&utm_source=lkd_organic&utm_medium=yongsam_gumloop&utm_campaign=eopla_article
🔄 텐소프트웍스 데이터 로딩 중...
✅ 텐소프트웍스 데이터 로딩 완료
[sendMessage] ✅ 전송 확인 (chunk 1/1, message_id: 4997)
[sendMessage] ✅ 전송 확인 (chunk 1/1, message_id: 4998)
[sendMessage] ✅ 전송 확인 (chunk 1/1, message_id: 4999)
[sendMessage] ✅ 전송 확인 (chunk 1/1, message_id: 5000)
[sendMessage] ✅ 전송 확인 (chunk 1/1, message_id: 5001)
[7586966475] Bot: 검루프(Gumloop) CEO 맥스 브로두어-어바스 인터뷰 기사네요. EO에서 나온 거.

---SPLIT---

**핵심은 "AI로 다 자동화했다는 건 거짓말"이라는 고백이에요....
⏭️ 속보 스킵 (마이너 매체): EBC Financial Group — OKLO 주가가 ‘문샷 원자력’ 스토리를 타고 급등하는 이유 - EBC 
🚨 속보 감지! 1건
[sendMessage] ✅ 전송 확인 (chunk 1/1, message_id: 5002)
[7586966475] User: AI 라는 게 AI랑 어떤 대화를 나 느냐가 되게 중요한 거 같거든 AI 가 똑똑한 사람이 라고 쳐 보자 근데 똑똑한 사람도 결국엔 의도를 가지고 좋은 원석을 잘 깎아 냈을 때만 이 좋은 결과물이 나온다고 생각이 되는데 그럴려면 AI랑 대화를 잘 하는 사람이 필요한 것AI는 어떤 특정한 목표를 달성 하는 데 있어서 그 누구보다 뛰어 나겠지 그런데 목적을 가 질 수는 없는 것 같아 그 여전히 사람의 영역인것
🔄 텐소프트웍스 데이터 로딩 중...
✅ 텐소프트웍스 데이터 로딩 완료
[sendMessage] ✅ 전송 확인 (chunk 1/1, message_id: 5004)
⚡ 액션 실행: knowledge_insight
  → 💡 인사이트: "CEO AI 철학: AI는 'how'의 천재이지 'why'의 주체가 아니다. AI와 좋은 결과를 내려면 목적..."
[sendMessage] ✅ 전송 확인 (chunk 1/1, message_id: 5005)
[sendMessage] ✅ 전송 확인 (chunk 1/1, message_id: 5006)
[sendMessage] ✅ 전송 확인 (chunk 1/1, message_id: 5007)
[7586966475] Bot: 정확한 구분이에요. AI는 "how"의 천재지 "why"의 주체는 아닌 거죠.

---SPLIT---

방금 본 검루프 CEO도 같은 얘기를 돌려서 한 건데 — "모르는 일을 AI...
⏭️ 속보 스킵 (마이너 매체): CBC뉴스 — 대한광통신 광전자 빛과전자 빛샘전자 등 광통신주, 급락·반등 교차…짙어진
⏭️ 속보 스킵 (마이너 매체): CBC뉴스 — 대한광통신 광전자 빛과전자 빛샘전자 등 광통신주, 급락·반등 교차…짙어진
📊 미국장 개장 브리핑 감지! 20분 후 브리핑 발송 예정 (US: PRE→REGULAR, KR: POSTPOST→POSTPOST)
✅ 미국장 개장 브리핑 전송 완료
⏭️ 속보 스킵 (마이너 매체): CBC뉴스 — 대한광통신 광전자 빛과전자 빛샘전자 등 광통신주, 급락·반등 교차…짙어진
[sendMessage] ✅ 전송 확인 (chunk 1/1, message_id: 5011)
[sendMessage] ✅ 전송 확인 (chunk 1/1, message_id: 5012)
📊 미국장 개장 브리핑 발송 완료
📊 장 상태 변경 — US: REGULAR→REGULAR, KR: POSTPOST→PREPRE
🚨 속보 감지! 1건
[sendMessage] ✅ 전송 확인 (chunk 1/1, message_id: 5013)
📊 미국장 마감 브리핑 감지! 20분 후 브리핑 발송 예정 (US: REGULAR→POST, KR: PREPRE→PREPRE)
✅ 미국장 마감 브리핑 전송 완료
[sendMessage] ✅ 전송 확인 (chunk 1/1, message_id: 5017)
[sendMessage] ✅ 전송 확인 (chunk 1/1, message_id: 5018)
📊 미국장 마감 브리핑 발송 완료
⏭️ 속보 스킵 (마이너 매체): v.daum.net — 다시 막힌 호르무즈에 국제유가 급등…WTI 7%↑ - v.daum.net
🚨 속보 감지! 1건
[sendMessage] ✅ 전송 확인 (chunk 1/1, message_id: 5019)
🚨 속보 감지! 1건
[sendMessage] ✅ 전송 확인 (chunk 1/1, message_id: 5020)
📊 장 상태 변경 — US: POST→POST, KR: PREPRE→PRE
🌅 아침 브리핑 생성 중...
[sendMessage] ✅ 전송 확인 (chunk 1/1, message_id: 5026)
✅ 아침 브리핑 전송 완료
📊 한국장 개장 브리핑 감지! 20분 후 브리핑 발송 예정 (US: POST→POSTPOST, KR: PRE→REGULAR)
✅ 한국장 개장 브리핑 전송 완료
🔍 자율 점검 중... (데이터 변화: true)
  → 알릴 사항 없음
[sendMessage] ✅ 전송 확인 (chunk 1/1, message_id: 5032)
[sendMessage] ✅ 전송 확인 (chunk 1/1, message_id: 5033)
[sendMessage] ✅ 전송 확인 (chunk 1/1, message_id: 5034)
📊 한국장 개장 브리핑 발송 완료
⏭️ 속보 스킵 (마이너 매체): seoulwire.com — 美·이란, 종전협상 안갯속 국제유가 급등…WTI 7% - seoulwir
⏭️ 속보 스킵 (마이너 매체): 파이낸스투데이 — 국제 유가, 호르무즈 해협 재봉쇄에 7% 급등…협상 불확실성 속 변동성 
⏭️ 속보 스킵 (마이너 매체): 뉴스웍스 — 호르무즈 재봉쇄에 유가 급등…WTI 7% ↑ - 뉴스웍스
⏭️ 속보 스킵 (마이너 매체): Benzinga — 로켓랩, 월요일 주가 5.5% 급등한 이유는? - Benzinga
⏭️ 속보 스킵 (마이너 매체): 오피니언뉴스 — 호르무즈 다시 막히자 유가 7% 급등…미·이란 강대강 충돌 - 오피니언뉴
⏭️ 속보 스킵 (마이너 매체): 파이낸스투데이 — 국제 유가, 호르무즈 해협 재봉쇄에 7% 급등…협상 불확실성 속 변동성 
⏭️ 속보 스킵 (마이너 매체): 파이낸스투데이 — 국제 유가, 호르무즈 해협 재봉쇄에 7% 급등…협상 불확실성 속 변동성 
⏭️ 속보 스킵 (마이너 매체): v.daum.net — AI 데이터센터 열풍에 美 냉각 기술 기업까지 몸값 급등…어디길래? - 
⏭️ 속보 스킵 (마이너 매체): 글로벌이코노믹 — 트럼프 "이란 휴전 연장 없다"… 호르무즈 봉쇄에 유가 5% '폭등' -
⏭️ 속보 스킵 (마이너 매체): v.daum.net — AI 데이터센터 열풍에 美 냉각 기술 기업까지 몸값 급등…어디길래? - 
⏭️ 속보 스킵 (마이너 매체): 글로벌이코노믹 — 트럼프 "이란 휴전 연장 없다"… 호르무즈 봉쇄에 유가 5% '폭등' -
⏭️ 속보 스킵 (마이너 매체): v.daum.net — AI 데이터센터 열풍에 美 냉각 기술 기업까지 몸값 급등…어디길래? - 
⏭️ 속보 스킵 (마이너 매체): 글로벌이코노믹 — 트럼프 "이란 휴전 연장 없다"… 호르무즈 봉쇄에 유가 5% '폭등' -
⏭️ 속보 스킵 (마이너 매체): 시사저널 — 부동산 대책의 역설…수도권 전월세 폭등했다 [라정주의 경제터치] - 시사
📊 장 상태 변경 — US: POSTPOST→PREPRE, KR: REGULAR→REGULAR
⏭️ 속보 스킵 (마이너 매체): 뉴스핌 — [AI의 종목 이야기] 알라스카에어 연료비 급등에 연간 실적 전망 철회 
⏭️ 속보 스킵 (마이너 매체): 뉴스핌 — [AI의 종목 이야기] 알라스카에어 연료비 급등에 연간 실적 전망 철회 
⏭️ 속보 스킵 (마이너 매체): 글로벌이코노믹 — 파키스탄발 '호르무즈 쇼크'… 이란 회담, 유가 폭락 시나리오와 대응법 
⏭️ 속보 스킵 (마이너 매체): 네이트 — 쿠웨이트 마저 두 손 들었다…국제유가 7% 급등 - 네이트
⏭️ 속보 스킵 (마이너 매체): 글로벌이코노믹 — 파키스탄발 '호르무즈 쇼크'… 이란 회담, 유가 폭락 시나리오와 대응법 
⏭️ 속보 스킵 (마이너 매체): 디지털투데이 — 이란 전쟁·유가 급등에도 美 증시 무덤덤, 왜?…전문가가 꼽은 이유 4가
🔍 자율 점검 중... (데이터 변화: true)
  → 알릴 사항 없음
⏭️ 속보 스킵 (마이너 매체): 인더스트리뉴스 — 美·이란 안갯속 종전 협상에 국제유가 급등…WTI 7%↑ - 인더스트리뉴
⏭️ 속보 스킵 (마이너 매체): 디지털투데이 — 이란 전쟁·유가 급등에도 美 증시 무덤덤, 왜?…전문가가 꼽은 이유 4가
⏭️ 속보 스킵 (마이너 매체): 글로벌이코노믹 — 파키스탄발 '호르무즈 쇼크'… 이란 회담, 유가 폭락 시나리오와 대응법 
⏭️ 속보 스킵 (마이너 매체): 인더스트리뉴스 — 美·이란 안갯속 종전 협상에 국제유가 급등…WTI 7%↑ - 인더스트리뉴
⏭️ 속보 스킵 (마이너 매체): 디지털투데이 — 이란 전쟁·유가 급등에도 美 증시 무덤덤, 왜?…전문가가 꼽은 이유 4가
⏭️ 속보 스킵 (마이너 매체): 와이드경제 — [특징주] 한중엔시에스, AI 데이터센터 냉각 수혜·美 ESS 공장 모멘
⏭️ 속보 스킵 (마이너 매체): 인더스트리뉴스 — 美·이란 안갯속 종전 협상에 국제유가 급등…WTI 7%↑ - 인더스트리뉴
📊 한국장 마감 브리핑 감지! 20분 후 브리핑 발송 예정 (US: PREPRE→PREPRE, KR: REGULAR→POST)
✅ 한국장 마감 브리핑 전송 완료
⏭️ 속보 스킵 (마이너 매체): 와이드경제 — [특징주] 한중엔시에스, AI 데이터센터 냉각 수혜·美 ESS 공장 모멘
[sendMessage] ✅ 전송 확인 (chunk 1/1, message_id: 5041)
[sendMessage] ✅ 전송 확인 (chunk 1/1, message_id: 5042)
[sendMessage] ✅ 전송 확인 (chunk 1/1, message_id: 5043)
📊 한국장 마감 브리핑 발송 완료
⏭️ 속보 스킵 (마이너 매체): 와이드경제 — [특징주] 한중엔시에스, AI 데이터센터 냉각 수혜·美 ESS 공장 모멘
[7586966475] User: 왜 동일한 태스크를 두 번씩 수행하지?
🔄 텐소프트웍스 데이터 로딩 중...
✅ 텐소프트웍스 데이터 로딩 완료
