[2026-05-06 14:34:05] iOS 백필 시작 (최근 7일)
[dotenv@17.3.1] injecting env (29) from .env.local -- tip: 🔐 encrypt with Dotenvx: https://dotenvx.com
Backfill 7 days ending 2026-05-06 (vendor=88051795)

2026-05-06  ❌ HTTP error
2026-05-05  ❌ HTTP error
2026-05-04  dl=  3  rev=   0.00  bytes=2120
2026-05-03  dl=  4  rev=   0.00  bytes=1745
2026-05-02  dl=  2  rev=   0.00  bytes=2409
2026-05-01  dl=  0  rev=   0.00  bytes=509
2026-04-30  dl=  3  rev=   0.00  bytes=1216

Total: 5 days fetched, 12 downloads, 0.00 revenue, 4 non-zero days
[2026-05-06 14:34:13] 완료 (exit: 0)

[2026-05-06 18:00:02] iOS 백필 시작 (최근 7일)
[dotenv@17.3.1] injecting env (29) from .env.local -- tip: ⚡️ secrets for agents: https://dotenvx.com/as2
Backfill 7 days ending 2026-05-06 (vendor=88051795)

2026-05-06  ❌ HTTP error
2026-05-05  ❌ HTTP error
2026-05-04  dl=  3  rev=   0.00  bytes=2120
2026-05-03  dl=  4  rev=   0.00  bytes=1745
2026-05-02  dl=  2  rev=   0.00  bytes=2409
2026-05-01  dl=  0  rev=   0.00  bytes=509
2026-04-30  dl=  3  rev=   0.00  bytes=1216

Total: 5 days fetched, 12 downloads, 0.00 revenue, 4 non-zero days
[2026-05-06 18:00:09] 완료 (exit: 0)

[2026-05-06 22:00:01] iOS 백필 시작 (최근 7일)
[dotenv@17.3.1] injecting env (29) from .env.local -- tip: ⚙️  specify custom .env file path with { path: '/custom/path/.env' }
Backfill 7 days ending 2026-05-06 (vendor=88051795)

2026-05-06  ❌ HTTP error
2026-05-05  dl=  1  rev=   0.00  bytes=2266
2026-05-04  dl=  3  rev=   0.00  bytes=2120
2026-05-03  dl=  4  rev=   0.00  bytes=1745
2026-05-02  dl=  2  rev=   0.00  bytes=2409
2026-05-01  dl=  0  rev=   0.00  bytes=509
2026-04-30  dl=  3  rev=   0.00  bytes=1216

Total: 6 days fetched, 13 downloads, 0.00 revenue, 5 non-zero days
[2026-05-06 22:00:10] 완료 (exit: 0)

[2026-05-07 06:00:03] iOS 백필 시작 (최근 7일)
[dotenv@17.3.1] injecting env (29) from .env.local -- tip: ⚙️  enable debug logging with { debug: true }
Backfill 7 days ending 2026-05-06 (vendor=88051795)

2026-05-06  ❌ HTTP error
2026-05-05  dl=  1  rev=   0.00  bytes=2266
2026-05-04  dl=  3  rev=   0.00  bytes=2120
2026-05-03  dl=  4  rev=   0.00  bytes=1745
2026-05-02  dl=  2  rev=   0.00  bytes=2409
2026-05-01  dl=  0  rev=   0.00  bytes=509
2026-04-30  dl=  3  rev=   0.00  bytes=1216

Total: 6 days fetched, 13 downloads, 0.00 revenue, 5 non-zero days
[2026-05-07 06:00:12] 완료 (exit: 0)

[2026-05-07 10:00:05] iOS 백필 시작 (최근 7일)
[dotenv@17.3.1] injecting env (29) from .env.local -- tip: 🔐 prevent building .env in docker: https://dotenvx.com/prebuild
Backfill 7 days ending 2026-05-07 (vendor=88051795)

2026-05-07  ❌ HTTP error
2026-05-06  ❌ HTTP error
2026-05-05  dl=  1  rev=   0.00  bytes=2266
2026-05-04  dl=  3  rev=   0.00  bytes=2120
2026-05-03  dl=  4  rev=   0.00  bytes=1745
2026-05-02  dl=  2  rev=   0.00  bytes=2409
2026-05-01  dl=  0  rev=   0.00  bytes=509

Total: 5 days fetched, 10 downloads, 0.00 revenue, 4 non-zero days
[2026-05-07 10:00:14] 완료 (exit: 0)

[2026-05-07 14:00:01] iOS 백필 시작 (최근 7일)
[dotenv@17.3.1] injecting env (29) from .env.local -- tip: ⚙️  specify custom .env file path with { path: '/custom/path/.env' }
Backfill 7 days ending 2026-05-07 (vendor=88051795)

2026-05-07  ❌ HTTP error
2026-05-06  ❌ HTTP error
2026-05-05  dl=  1  rev=   0.00  bytes=2266
2026-05-04  dl=  3  rev=   0.00  bytes=2120
2026-05-03  dl=  4  rev=   0.00  bytes=1745
2026-05-02  dl=  2  rev=   0.00  bytes=2409
2026-05-01  dl=  0  rev=   0.00  bytes=509

Total: 5 days fetched, 10 downloads, 0.00 revenue, 4 non-zero days
[2026-05-07 14:00:10] 완료 (exit: 0)

[2026-05-07 18:00:05] iOS 백필 시작 (최근 7일)
[dotenv@17.3.1] injecting env (29) from .env.local -- tip: ⚙️  override existing env vars with { override: true }
Backfill 7 days ending 2026-05-07 (vendor=88051795)

2026-05-07  ❌ HTTP error
2026-05-06  ❌ HTTP error
2026-05-05  dl=  1  rev=   0.00  bytes=2266
2026-05-04  dl=  3  rev=   0.00  bytes=2120
2026-05-03  dl=  4  rev=   0.00  bytes=1745
2026-05-02  dl=  2  rev=   0.00  bytes=2409
2026-05-01  dl=  0  rev=   0.00  bytes=509

Total: 5 days fetched, 10 downloads, 0.00 revenue, 4 non-zero days
[2026-05-07 18:00:15] 완료 (exit: 0)

[2026-05-07 22:00:02] iOS 백필 시작 (최근 7일)
[dotenv@17.3.1] injecting env (29) from .env.local -- tip: ⚙️  override existing env vars with { override: true }
Backfill 7 days ending 2026-05-07 (vendor=88051795)

2026-05-07  ❌ HTTP error
2026-05-06  dl=  3  rev=   0.00  bytes=1940
2026-05-05  dl=  1  rev=   0.00  bytes=2266
2026-05-04  dl=  3  rev=   0.00  bytes=2120
2026-05-03  dl=  4  rev=   0.00  bytes=1745
2026-05-02  dl=  2  rev=   0.00  bytes=2409
2026-05-01  dl=  0  rev=   0.00  bytes=509

Total: 6 days fetched, 13 downloads, 0.00 revenue, 5 non-zero days
[2026-05-07 22:00:12] 완료 (exit: 0)

[2026-05-08 06:00:04] iOS 백필 시작 (최근 7일)
[dotenv@17.3.1] injecting env (29) from .env.local -- tip: ⚙️  enable debug logging with { debug: true }
Backfill 7 days ending 2026-05-07 (vendor=88051795)

2026-05-07  ❌ HTTP error
2026-05-06  dl=  3  rev=   0.00  bytes=1940
2026-05-05  dl=  1  rev=   0.00  bytes=2266
2026-05-04  dl=  3  rev=   0.00  bytes=2120
2026-05-03  dl=  4  rev=   0.00  bytes=1745
2026-05-02  dl=  2  rev=   0.00  bytes=2409
2026-05-01  dl=  0  rev=   0.00  bytes=509

Total: 6 days fetched, 13 downloads, 0.00 revenue, 5 non-zero days
[2026-05-08 06:00:13] 완료 (exit: 0)

[2026-05-08 10:00:05] iOS 백필 시작 (최근 7일)
[dotenv@17.3.1] injecting env (29) from .env.local -- tip: 🛡️ auth for agents: https://vestauth.com
Backfill 7 days ending 2026-05-08 (vendor=88051795)

2026-05-08  ❌ HTTP error
2026-05-07  ❌ HTTP error
2026-05-06  dl=  3  rev=   0.00  bytes=1940
2026-05-05  dl=  1  rev=   0.00  bytes=2266
2026-05-04  dl=  3  rev=   0.00  bytes=2120
2026-05-03  dl=  4  rev=   0.00  bytes=1745
2026-05-02  dl=  2  rev=   0.00  bytes=2409

Total: 5 days fetched, 13 downloads, 0.00 revenue, 5 non-zero days
[2026-05-08 10:00:15] 완료 (exit: 0)

[2026-05-08 14:00:02] iOS 백필 시작 (최근 7일)
[dotenv@17.3.1] injecting env (29) from .env.local -- tip: 🔐 prevent committing .env to code: https://dotenvx.com/precommit
Backfill 7 days ending 2026-05-08 (vendor=88051795)

2026-05-08  ❌ HTTP error
2026-05-07  ❌ HTTP error
2026-05-06  dl=  3  rev=   0.00  bytes=1940
2026-05-05  dl=  1  rev=   0.00  bytes=2266
2026-05-04  dl=  3  rev=   0.00  bytes=2120
2026-05-03  dl=  4  rev=   0.00  bytes=1745
2026-05-02  dl=  2  rev=   0.00  bytes=2409

Total: 5 days fetched, 13 downloads, 0.00 revenue, 5 non-zero days
[2026-05-08 14:00:13] 완료 (exit: 0)

[2026-05-08 18:00:01] iOS 백필 시작 (최근 7일)
[dotenv@17.3.1] injecting env (29) from .env.local -- tip: ⚙️  enable debug logging with { debug: true }
Backfill 7 days ending 2026-05-08 (vendor=88051795)

2026-05-08  ❌ HTTP error
2026-05-07  ❌ HTTP error
2026-05-06  dl=  3  rev=   0.00  bytes=1940
2026-05-05  dl=  1  rev=   0.00  bytes=2266
2026-05-04  dl=  3  rev=   0.00  bytes=2120
2026-05-03  dl=  4  rev=   0.00  bytes=1745
2026-05-02  dl=  2  rev=   0.00  bytes=2409

Total: 5 days fetched, 13 downloads, 0.00 revenue, 5 non-zero days
[2026-05-08 18:00:13] 완료 (exit: 0)

[2026-05-08 22:00:04] iOS 백필 시작 (최근 7일)
[dotenv@17.3.1] injecting env (29) from .env.local -- tip: 🔐 prevent building .env in docker: https://dotenvx.com/prebuild
Backfill 7 days ending 2026-05-08 (vendor=88051795)

2026-05-08  ❌ HTTP error
2026-05-07  dl=  2  rev=   0.00  bytes=1054
2026-05-06  dl=  3  rev=   0.00  bytes=1940
2026-05-05  dl=  1  rev=   0.00  bytes=2266
2026-05-04  dl=  3  rev=   0.00  bytes=2120
2026-05-03  dl=  4  rev=   0.00  bytes=1745
2026-05-02  dl=  2  rev=   0.00  bytes=2409

Total: 6 days fetched, 15 downloads, 0.00 revenue, 6 non-zero days
[2026-05-08 22:00:13] 완료 (exit: 0)

[2026-05-09 06:00:05] iOS 백필 시작 (최근 7일)
[dotenv@17.3.1] injecting env (29) from .env.local -- tip: 🤖 agentic secret storage: https://dotenvx.com/as2
Backfill 7 days ending 2026-05-08 (vendor=88051795)

2026-05-08  ❌ HTTP error
2026-05-07  dl=  2  rev=   0.00  bytes=1054
2026-05-06  dl=  3  rev=   0.00  bytes=1940
2026-05-05  dl=  1  rev=   0.00  bytes=2266
2026-05-04  dl=  3  rev=   0.00  bytes=2120
2026-05-03  dl=  4  rev=   0.00  bytes=1745
2026-05-02  dl=  2  rev=   0.00  bytes=2409

Total: 6 days fetched, 15 downloads, 0.00 revenue, 6 non-zero days
[2026-05-09 06:00:15] 완료 (exit: 0)

[2026-05-09 10:00:05] iOS 백필 시작 (최근 7일)
[dotenv@17.3.1] injecting env (29) from .env.local -- tip: 🔐 encrypt with Dotenvx: https://dotenvx.com
Backfill 7 days ending 2026-05-09 (vendor=88051795)

2026-05-09  ❌ HTTP error
2026-05-08  ❌ HTTP error
2026-05-07  dl=  2  rev=   0.00  bytes=1054
2026-05-06  dl=  3  rev=   0.00  bytes=1940
2026-05-05  dl=  1  rev=   0.00  bytes=2266
2026-05-04  dl=  3  rev=   0.00  bytes=2120
2026-05-03  dl=  4  rev=   0.00  bytes=1745

Total: 5 days fetched, 13 downloads, 0.00 revenue, 5 non-zero days
[2026-05-09 10:00:14] 완료 (exit: 0)

[2026-05-09 14:00:05] iOS 백필 시작 (최근 7일)
[dotenv@17.3.1] injecting env (29) from .env.local -- tip: ⚙️  override existing env vars with { override: true }
Backfill 7 days ending 2026-05-09 (vendor=88051795)

2026-05-09  ❌ HTTP error
2026-05-08  ❌ HTTP error
2026-05-07  dl=  2  rev=   0.00  bytes=1054
2026-05-06  dl=  3  rev=   0.00  bytes=1940
2026-05-05  dl=  1  rev=   0.00  bytes=2266
2026-05-04  dl=  3  rev=   0.00  bytes=2120
2026-05-03  dl=  4  rev=   0.00  bytes=1745

Total: 5 days fetched, 13 downloads, 0.00 revenue, 5 non-zero days
[2026-05-09 14:00:14] 완료 (exit: 0)

[2026-05-09 18:00:04] iOS 백필 시작 (최근 7일)
[dotenv@17.3.1] injecting env (29) from .env.local -- tip: 🔐 encrypt with Dotenvx: https://dotenvx.com
Backfill 7 days ending 2026-05-09 (vendor=88051795)

2026-05-09  ❌ HTTP error
2026-05-08  ❌ HTTP error
2026-05-07  dl=  2  rev=   0.00  bytes=1054
2026-05-06  dl=  3  rev=   0.00  bytes=1940
2026-05-05  dl=  1  rev=   0.00  bytes=2266
2026-05-04  dl=  3  rev=   0.00  bytes=2120
2026-05-03  dl=  4  rev=   0.00  bytes=1745

Total: 5 days fetched, 13 downloads, 0.00 revenue, 5 non-zero days
[2026-05-09 18:00:13] 완료 (exit: 0)

[2026-05-09 22:00:01] iOS 백필 시작 (최근 7일)
[dotenv@17.3.1] injecting env (29) from .env.local -- tip: 🔐 prevent committing .env to code: https://dotenvx.com/precommit
Backfill 7 days ending 2026-05-09 (vendor=88051795)

2026-05-09  ❌ HTTP error
2026-05-08  dl=  1  rev=   0.00  bytes=880
2026-05-07  dl=  2  rev=   0.00  bytes=1054
2026-05-06  dl=  3  rev=   0.00  bytes=1940
2026-05-05  dl=  1  rev=   0.00  bytes=2266
2026-05-04  dl=  3  rev=   0.00  bytes=2120
2026-05-03  dl=  4  rev=   0.00  bytes=1745

Total: 6 days fetched, 14 downloads, 0.00 revenue, 6 non-zero days
[2026-05-09 22:00:10] 완료 (exit: 0)

[2026-05-10 06:00:04] iOS 백필 시작 (최근 7일)
[dotenv@17.3.1] injecting env (29) from .env.local -- tip: ⚙️  write to custom object with { processEnv: myObject }
Backfill 7 days ending 2026-05-09 (vendor=88051795)

2026-05-09  ❌ HTTP error
2026-05-08  dl=  1  rev=   0.00  bytes=880
2026-05-07  dl=  2  rev=   0.00  bytes=1054
2026-05-06  dl=  3  rev=   0.00  bytes=1940
2026-05-05  dl=  1  rev=   0.00  bytes=2266
2026-05-04  dl=  3  rev=   0.00  bytes=2120
2026-05-03  dl=  4  rev=   0.00  bytes=1745

Total: 6 days fetched, 14 downloads, 0.00 revenue, 6 non-zero days
[2026-05-10 06:00:14] 완료 (exit: 0)

[2026-05-10 10:00:05] iOS 백필 시작 (최근 7일)
[dotenv@17.3.1] injecting env (29) from .env.local -- tip: ⚙️  specify custom .env file path with { path: '/custom/path/.env' }
Backfill 7 days ending 2026-05-10 (vendor=88051795)

2026-05-10  ❌ HTTP error
2026-05-09  ❌ HTTP error
2026-05-08  dl=  1  rev=   0.00  bytes=880
2026-05-07  dl=  2  rev=   0.00  bytes=1054
2026-05-06  dl=  3  rev=   0.00  bytes=1940
2026-05-05  dl=  1  rev=   0.00  bytes=2266
2026-05-04  dl=  3  rev=   0.00  bytes=2120

Total: 5 days fetched, 10 downloads, 0.00 revenue, 5 non-zero days
[2026-05-10 10:00:15] 완료 (exit: 0)

[2026-05-10 14:00:01] iOS 백필 시작 (최근 7일)
[dotenv@17.3.1] injecting env (29) from .env.local -- tip: ⚙️  enable debug logging with { debug: true }
Backfill 7 days ending 2026-05-10 (vendor=88051795)

2026-05-10  ❌ HTTP error
2026-05-09  ❌ HTTP error
2026-05-08  dl=  1  rev=   0.00  bytes=880
2026-05-07  dl=  2  rev=   0.00  bytes=1054
2026-05-06  dl=  3  rev=   0.00  bytes=1940
2026-05-05  dl=  1  rev=   0.00  bytes=2266
2026-05-04  dl=  3  rev=   0.00  bytes=2120

Total: 5 days fetched, 10 downloads, 0.00 revenue, 5 non-zero days
[2026-05-10 14:00:11] 완료 (exit: 0)

[2026-05-10 18:00:00] iOS 백필 시작 (최근 7일)
[dotenv@17.3.1] injecting env (29) from .env.local -- tip: 🔐 encrypt with Dotenvx: https://dotenvx.com
Backfill 7 days ending 2026-05-10 (vendor=88051795)

2026-05-10  ❌ HTTP error
2026-05-09  ❌ HTTP error
2026-05-08  dl=  1  rev=   0.00  bytes=880
2026-05-07  dl=  2  rev=   0.00  bytes=1054
2026-05-06  dl=  3  rev=   0.00  bytes=1940
2026-05-05  dl=  1  rev=   0.00  bytes=2266
2026-05-04  dl=  3  rev=   0.00  bytes=2120

Total: 5 days fetched, 10 downloads, 0.00 revenue, 5 non-zero days
[2026-05-10 18:00:09] 완료 (exit: 0)

[2026-05-10 22:00:04] iOS 백필 시작 (최근 7일)
[dotenv@17.3.1] injecting env (29) from .env.local -- tip: ⚙️  suppress all logs with { quiet: true }
Backfill 7 days ending 2026-05-10 (vendor=88051795)

2026-05-10  ❌ HTTP error
2026-05-09  dl=  2  rev=   0.00  bytes=1904
2026-05-08  dl=  1  rev=   0.00  bytes=880
2026-05-07  dl=  2  rev=   0.00  bytes=1054
2026-05-06  dl=  3  rev=   0.00  bytes=1940
2026-05-05  dl=  1  rev=   0.00  bytes=2266
2026-05-04  dl=  3  rev=   0.00  bytes=2120

Total: 6 days fetched, 12 downloads, 0.00 revenue, 6 non-zero days
[2026-05-10 22:00:15] 완료 (exit: 0)

[2026-05-11 06:00:02] iOS 백필 시작 (최근 7일)
[dotenv@17.3.1] injecting env (29) from .env.local -- tip: ⚙️  suppress all logs with { quiet: true }
Backfill 7 days ending 2026-05-10 (vendor=88051795)

2026-05-10  ❌ HTTP error
2026-05-09  dl=  2  rev=   0.00  bytes=1904
2026-05-08  dl=  1  rev=   0.00  bytes=880
2026-05-07  dl=  2  rev=   0.00  bytes=1054
2026-05-06  dl=  3  rev=   0.00  bytes=1940
2026-05-05  dl=  1  rev=   0.00  bytes=2266
2026-05-04  dl=  3  rev=   0.00  bytes=2120

Total: 6 days fetched, 12 downloads, 0.00 revenue, 6 non-zero days
[2026-05-11 06:00:12] 완료 (exit: 0)

[2026-05-11 10:00:05] iOS 백필 시작 (최근 7일)
[dotenv@17.3.1] injecting env (29) from .env.local -- tip: 🔐 encrypt with Dotenvx: https://dotenvx.com
Backfill 7 days ending 2026-05-11 (vendor=88051795)

2026-05-11  ❌ HTTP error
2026-05-10  ❌ HTTP error
2026-05-09  dl=  2  rev=   0.00  bytes=1904
2026-05-08  dl=  1  rev=   0.00  bytes=880
2026-05-07  dl=  2  rev=   0.00  bytes=1054
2026-05-06  dl=  3  rev=   0.00  bytes=1940
2026-05-05  dl=  1  rev=   0.00  bytes=2266

Total: 5 days fetched, 9 downloads, 0.00 revenue, 5 non-zero days
[2026-05-11 10:00:15] 완료 (exit: 0)

[2026-05-11 14:00:05] iOS 백필 시작 (최근 7일)
[dotenv@17.3.1] injecting env (29) from .env.local -- tip: ⚙️  override existing env vars with { override: true }
Backfill 7 days ending 2026-05-11 (vendor=88051795)

2026-05-11  ❌ HTTP error
2026-05-10  ❌ HTTP error
2026-05-09  dl=  2  rev=   0.00  bytes=1904
2026-05-08  dl=  1  rev=   0.00  bytes=880
2026-05-07  dl=  2  rev=   0.00  bytes=1054
2026-05-06  dl=  3  rev=   0.00  bytes=1940
2026-05-05  dl=  1  rev=   0.00  bytes=2266

Total: 5 days fetched, 9 downloads, 0.00 revenue, 5 non-zero days
[2026-05-11 14:00:19] 완료 (exit: 0)

[2026-05-11 18:00:04] iOS 백필 시작 (최근 7일)
[dotenv@17.3.1] injecting env (29) from .env.local -- tip: 🤖 agentic secret storage: https://dotenvx.com/as2
Backfill 7 days ending 2026-05-11 (vendor=88051795)

2026-05-11  ❌ HTTP error
2026-05-10  ❌ HTTP error
2026-05-09  dl=  2  rev=   0.00  bytes=1904
2026-05-08  dl=  1  rev=   0.00  bytes=880
2026-05-07  dl=  2  rev=   0.00  bytes=1054
2026-05-06  dl=  3  rev=   0.00  bytes=1940
2026-05-05  dl=  1  rev=   0.00  bytes=2266

Total: 5 days fetched, 9 downloads, 0.00 revenue, 5 non-zero days
[2026-05-11 18:00:15] 완료 (exit: 0)

[2026-05-11 22:00:01] iOS 백필 시작 (최근 7일)
[dotenv@17.3.1] injecting env (29) from .env.local -- tip: 🔐 prevent building .env in docker: https://dotenvx.com/prebuild
Backfill 7 days ending 2026-05-11 (vendor=88051795)

2026-05-11  ❌ HTTP error
2026-05-10  dl=  1  rev=   0.00  bytes=524
2026-05-09  dl=  2  rev=   0.00  bytes=1904
2026-05-08  dl=  1  rev=   0.00  bytes=880
2026-05-07  dl=  2  rev=   0.00  bytes=1054
2026-05-06  dl=  3  rev=   0.00  bytes=1940
2026-05-05  dl=  1  rev=   0.00  bytes=2266

Total: 6 days fetched, 10 downloads, 0.00 revenue, 6 non-zero days
[2026-05-11 22:00:11] 완료 (exit: 0)

[2026-05-12 06:00:05] iOS 백필 시작 (최근 7일)
[dotenv@17.3.1] injecting env (29) from .env.local -- tip: 🛠️  run anywhere with `dotenvx run -- yourcommand`
Backfill 7 days ending 2026-05-11 (vendor=88051795)

2026-05-11  ❌ HTTP error
2026-05-10  dl=  1  rev=   0.00  bytes=524
2026-05-09  dl=  2  rev=   0.00  bytes=1904
2026-05-08  dl=  1  rev=   0.00  bytes=880
2026-05-07  dl=  2  rev=   0.00  bytes=1054
2026-05-06  dl=  3  rev=   0.00  bytes=1940
2026-05-05  dl=  1  rev=   0.00  bytes=2266

Total: 6 days fetched, 10 downloads, 0.00 revenue, 6 non-zero days
[2026-05-12 06:00:16] 완료 (exit: 0)

[2026-05-12 10:00:03] iOS 백필 시작 (최근 7일)
[dotenv@17.3.1] injecting env (29) from .env.local -- tip: 🔐 prevent building .env in docker: https://dotenvx.com/prebuild
Backfill 7 days ending 2026-05-12 (vendor=88051795)

2026-05-12  ❌ HTTP error
2026-05-11  ❌ HTTP error
2026-05-10  dl=  1  rev=   0.00  bytes=524
2026-05-09  dl=  2  rev=   0.00  bytes=1904
2026-05-08  dl=  1  rev=   0.00  bytes=880
2026-05-07  dl=  2  rev=   0.00  bytes=1054
2026-05-06  dl=  3  rev=   0.00  bytes=1940

Total: 5 days fetched, 9 downloads, 0.00 revenue, 5 non-zero days
[2026-05-12 10:00:13] 완료 (exit: 0)

[2026-05-12 14:00:05] iOS 백필 시작 (최근 7일)
[dotenv@17.3.1] injecting env (29) from .env.local -- tip: ⚙️  suppress all logs with { quiet: true }
Backfill 7 days ending 2026-05-12 (vendor=88051795)

2026-05-12  ❌ HTTP error
2026-05-11  ❌ HTTP error
2026-05-10  dl=  1  rev=   0.00  bytes=524
2026-05-09  dl=  2  rev=   0.00  bytes=1904
2026-05-08  dl=  1  rev=   0.00  bytes=880
2026-05-07  dl=  2  rev=   0.00  bytes=1054
2026-05-06  dl=  3  rev=   0.00  bytes=1940

Total: 5 days fetched, 9 downloads, 0.00 revenue, 5 non-zero days
[2026-05-12 14:00:16] 완료 (exit: 0)

[2026-05-12 18:00:04] iOS 백필 시작 (최근 7일)
[dotenv@17.3.1] injecting env (29) from .env.local -- tip: ⚙️  write to custom object with { processEnv: myObject }
Backfill 7 days ending 2026-05-12 (vendor=88051795)

2026-05-12  ❌ HTTP error
2026-05-11  ❌ HTTP error
2026-05-10  dl=  1  rev=   0.00  bytes=524
2026-05-09  dl=  2  rev=   0.00  bytes=1904
2026-05-08  dl=  1  rev=   0.00  bytes=880
2026-05-07  dl=  2  rev=   0.00  bytes=1054
2026-05-06  dl=  3  rev=   0.00  bytes=1940

Total: 5 days fetched, 9 downloads, 0.00 revenue, 5 non-zero days
[2026-05-12 18:00:15] 완료 (exit: 0)

[2026-05-12 22:00:04] iOS 백필 시작 (최근 7일)
[dotenv@17.3.1] injecting env (29) from .env.local -- tip: 🤖 agentic secret storage: https://dotenvx.com/as2
Backfill 7 days ending 2026-05-12 (vendor=88051795)

2026-05-12  ❌ HTTP error
2026-05-11  dl=  4  rev=   0.00  bytes=3182
2026-05-10  dl=  1  rev=   0.00  bytes=524
2026-05-09  dl=  2  rev=   0.00  bytes=1904
2026-05-08  dl=  1  rev=   0.00  bytes=880
2026-05-07  dl=  2  rev=   0.00  bytes=1054
2026-05-06  dl=  3  rev=   0.00  bytes=1940

Total: 6 days fetched, 13 downloads, 0.00 revenue, 6 non-zero days
[2026-05-12 22:00:15] 완료 (exit: 0)

[2026-05-13 06:00:04] iOS 백필 시작 (최근 7일)
[dotenv@17.3.1] injecting env (29) from .env.local -- tip: ⚙️  override existing env vars with { override: true }
Backfill 7 days ending 2026-05-12 (vendor=88051795)

2026-05-12  ❌ HTTP error
2026-05-11  dl=  4  rev=   0.00  bytes=3182
2026-05-10  dl=  1  rev=   0.00  bytes=524
2026-05-09  dl=  2  rev=   0.00  bytes=1904
2026-05-08  dl=  1  rev=   0.00  bytes=880
2026-05-07  dl=  2  rev=   0.00  bytes=1054
2026-05-06  dl=  3  rev=   0.00  bytes=1940

Total: 6 days fetched, 13 downloads, 0.00 revenue, 6 non-zero days
[2026-05-13 06:00:16] 완료 (exit: 0)

[2026-05-13 10:00:04] iOS 백필 시작 (최근 7일)
[dotenv@17.3.1] injecting env (29) from .env.local -- tip: 🛡️ auth for agents: https://vestauth.com
Backfill 7 days ending 2026-05-13 (vendor=88051795)

2026-05-13  ❌ HTTP error
2026-05-12  ❌ HTTP error
2026-05-11  dl=  4  rev=   0.00  bytes=3182
2026-05-10  dl=  1  rev=   0.00  bytes=524
2026-05-09  dl=  2  rev=   0.00  bytes=1904
2026-05-08  dl=  1  rev=   0.00  bytes=880
2026-05-07  dl=  2  rev=   0.00  bytes=1054

Total: 5 days fetched, 10 downloads, 0.00 revenue, 5 non-zero days
[2026-05-13 10:00:15] 완료 (exit: 0)

[2026-05-13 14:00:02] iOS 백필 시작 (최근 7일)
[dotenv@17.3.1] injecting env (29) from .env.local -- tip: ⚙️  load multiple .env files with { path: ['.env.local', '.env'] }
Backfill 7 days ending 2026-05-13 (vendor=88051795)

2026-05-13  ❌ HTTP error
2026-05-12  ❌ HTTP error
2026-05-11  dl=  4  rev=   0.00  bytes=3182
2026-05-10  dl=  1  rev=   0.00  bytes=524
2026-05-09  dl=  2  rev=   0.00  bytes=1904
2026-05-08  dl=  1  rev=   0.00  bytes=880
2026-05-07  dl=  2  rev=   0.00  bytes=1054

Total: 5 days fetched, 10 downloads, 0.00 revenue, 5 non-zero days
[2026-05-13 14:00:13] 완료 (exit: 0)

[2026-05-13 18:00:01] iOS 백필 시작 (최근 7일)
[dotenv@17.3.1] injecting env (29) from .env.local -- tip: 🛠️  run anywhere with `dotenvx run -- yourcommand`
Backfill 7 days ending 2026-05-13 (vendor=88051795)

2026-05-13  ❌ HTTP error
2026-05-12  ❌ HTTP error
2026-05-11  dl=  4  rev=   0.00  bytes=3182
2026-05-10  dl=  1  rev=   0.00  bytes=524
2026-05-09  dl=  2  rev=   0.00  bytes=1904
2026-05-08  dl=  1  rev=   0.00  bytes=880
2026-05-07  dl=  2  rev=   0.00  bytes=1054

Total: 5 days fetched, 10 downloads, 0.00 revenue, 5 non-zero days
[2026-05-13 18:00:11] 완료 (exit: 0)

[2026-05-13 22:00:00] iOS 백필 시작 (최근 7일)
[dotenv@17.3.1] injecting env (29) from .env.local -- tip: 🛡️ auth for agents: https://vestauth.com
Backfill 7 days ending 2026-05-13 (vendor=88051795)

2026-05-13  ❌ HTTP error
2026-05-12  dl=  3  rev=   0.00  bytes=2650
2026-05-11  dl=  4  rev=   0.00  bytes=3182
2026-05-10  dl=  1  rev=   0.00  bytes=524
2026-05-09  dl=  2  rev=   0.00  bytes=1904
2026-05-08  dl=  1  rev=   0.00  bytes=880
2026-05-07  dl=  2  rev=   0.00  bytes=1054

Total: 6 days fetched, 13 downloads, 0.00 revenue, 6 non-zero days
[2026-05-13 22:00:11] 완료 (exit: 0)

[2026-05-14 06:00:05] iOS 백필 시작 (최근 7일)
[dotenv@17.3.1] injecting env (29) from .env.local -- tip: ⚙️  write to custom object with { processEnv: myObject }
Backfill 7 days ending 2026-05-13 (vendor=88051795)

2026-05-13  ❌ HTTP error
2026-05-12  dl=  3  rev=   0.00  bytes=2650
2026-05-11  dl=  4  rev=   0.00  bytes=3182
2026-05-10  dl=  1  rev=   0.00  bytes=524
2026-05-09  dl=  2  rev=   0.00  bytes=1904
2026-05-08  dl=  1  rev=   0.00  bytes=880
2026-05-07  dl=  2  rev=   0.00  bytes=1054

Total: 6 days fetched, 13 downloads, 0.00 revenue, 6 non-zero days
[2026-05-14 06:00:17] 완료 (exit: 0)

[2026-05-14 10:00:04] iOS 백필 시작 (최근 7일)
[dotenv@17.3.1] injecting env (30) from .env.local -- tip: 🛡️ auth for agents: https://vestauth.com
Backfill 7 days ending 2026-05-14 (vendor=88051795)

2026-05-14  ❌ HTTP error
2026-05-13  ❌ HTTP error
2026-05-12  dl=  3  rev=   0.00  bytes=2650
2026-05-11  dl=  4  rev=   0.00  bytes=3182
2026-05-10  dl=  1  rev=   0.00  bytes=524
2026-05-09  dl=  2  rev=   0.00  bytes=1904
2026-05-08  dl=  1  rev=   0.00  bytes=880

Total: 5 days fetched, 11 downloads, 0.00 revenue, 5 non-zero days
[2026-05-14 10:00:14] 완료 (exit: 0)

[2026-05-14 14:00:04] iOS 백필 시작 (최근 7일)
[dotenv@17.3.1] injecting env (30) from .env.local -- tip: 🔐 prevent building .env in docker: https://dotenvx.com/prebuild
Backfill 7 days ending 2026-05-14 (vendor=88051795)

2026-05-14  ❌ HTTP error
2026-05-13  ❌ HTTP error
2026-05-12  dl=  3  rev=   0.00  bytes=2650
2026-05-11  dl=  4  rev=   0.00  bytes=3182
2026-05-10  dl=  1  rev=   0.00  bytes=524
2026-05-09  dl=  2  rev=   0.00  bytes=1904
2026-05-08  dl=  1  rev=   0.00  bytes=880

Total: 5 days fetched, 11 downloads, 0.00 revenue, 5 non-zero days
[2026-05-14 14:00:15] 완료 (exit: 0)

[2026-05-14 18:00:00] iOS 백필 시작 (최근 7일)
[dotenv@17.3.1] injecting env (31) from .env.local -- tip: 🔐 prevent building .env in docker: https://dotenvx.com/prebuild
Backfill 7 days ending 2026-05-14 (vendor=88051795)

2026-05-14  ❌ HTTP error
2026-05-13  ❌ HTTP error
2026-05-12  dl=  3  rev=   0.00  bytes=2650
2026-05-11  dl=  4  rev=   0.00  bytes=3182
2026-05-10  dl=  1  rev=   0.00  bytes=524
2026-05-09  dl=  2  rev=   0.00  bytes=1904
2026-05-08  dl=  1  rev=   0.00  bytes=880

Total: 5 days fetched, 11 downloads, 0.00 revenue, 5 non-zero days
[2026-05-14 18:00:12] 완료 (exit: 0)

[2026-05-14 22:00:01] iOS 백필 시작 (최근 7일)
npm warn exec The following package was not found and will be installed: tsx@4.21.1
[dotenv@17.3.1] injecting env (31) from .env.local -- tip: 🔐 prevent building .env in docker: https://dotenvx.com/prebuild
Backfill 7 days ending 2026-05-14 (vendor=88051795)

2026-05-14  ❌ HTTP error
2026-05-13  dl=  2  rev=   0.00  bytes=2283
2026-05-12  dl=  3  rev=   0.00  bytes=2650
2026-05-11  dl=  4  rev=   0.00  bytes=3182
2026-05-10  dl=  1  rev=   0.00  bytes=524
2026-05-09  dl=  2  rev=   0.00  bytes=1904
2026-05-08  dl=  1  rev=   0.00  bytes=880

Total: 6 days fetched, 13 downloads, 0.00 revenue, 6 non-zero days
[2026-05-14 22:00:13] 완료 (exit: 0)

[2026-05-15 06:00:02] iOS 백필 시작 (최근 7일)
[dotenv@17.3.1] injecting env (31) from .env.local -- tip: ⚡️ secrets for agents: https://dotenvx.com/as2
Backfill 7 days ending 2026-05-14 (vendor=88051795)

2026-05-14  ❌ HTTP error
2026-05-13  dl=  2  rev=   0.00  bytes=2283
2026-05-12  dl=  3  rev=   0.00  bytes=2650
2026-05-11  dl=  4  rev=   0.00  bytes=3182
2026-05-10  dl=  1  rev=   0.00  bytes=524
2026-05-09  dl=  2  rev=   0.00  bytes=1904
2026-05-08  dl=  1  rev=   0.00  bytes=880

Total: 6 days fetched, 13 downloads, 0.00 revenue, 6 non-zero days
[2026-05-15 06:00:12] 완료 (exit: 0)

[2026-05-15 10:00:05] iOS 백필 시작 (최근 7일)
[dotenv@17.3.1] injecting env (31) from .env.local -- tip: ⚙️  specify custom .env file path with { path: '/custom/path/.env' }
Backfill 7 days ending 2026-05-15 (vendor=88051795)

2026-05-15  ❌ HTTP error
2026-05-14  ❌ HTTP error
2026-05-13  dl=  2  rev=   0.00  bytes=2283
2026-05-12  dl=  3  rev=   0.00  bytes=2650
2026-05-11  dl=  4  rev=   0.00  bytes=3182
2026-05-10  dl=  1  rev=   0.00  bytes=524
2026-05-09  dl=  2  rev=   0.00  bytes=1904

Total: 5 days fetched, 12 downloads, 0.00 revenue, 5 non-zero days
[2026-05-15 10:00:14] 완료 (exit: 0)

[2026-05-15 14:00:03] iOS 백필 시작 (최근 7일)
[dotenv@17.3.1] injecting env (31) from .env.local -- tip: 🛠️  run anywhere with `dotenvx run -- yourcommand`
Backfill 7 days ending 2026-05-15 (vendor=88051795)

2026-05-15  ❌ HTTP error
2026-05-14  ❌ HTTP error
2026-05-13  dl=  2  rev=   0.00  bytes=2283
2026-05-12  dl=  3  rev=   0.00  bytes=2650
2026-05-11  dl=  4  rev=   0.00  bytes=3182
2026-05-10  dl=  1  rev=   0.00  bytes=524
2026-05-09  dl=  2  rev=   0.00  bytes=1904

Total: 5 days fetched, 12 downloads, 0.00 revenue, 5 non-zero days
[2026-05-15 14:00:13] 완료 (exit: 0)

[2026-05-15 18:00:01] iOS 백필 시작 (최근 7일)
[dotenv@17.3.1] injecting env (31) from .env.local -- tip: 🔐 prevent building .env in docker: https://dotenvx.com/prebuild
Backfill 7 days ending 2026-05-15 (vendor=88051795)

2026-05-15  ❌ HTTP error
2026-05-14  ❌ HTTP error
2026-05-13  dl=  2  rev=   0.00  bytes=2283
2026-05-12  dl=  3  rev=   0.00  bytes=2650
2026-05-11  dl=  4  rev=   0.00  bytes=3182
2026-05-10  dl=  1  rev=   0.00  bytes=524
2026-05-09  dl=  2  rev=   0.00  bytes=1904

Total: 5 days fetched, 12 downloads, 0.00 revenue, 5 non-zero days
[2026-05-15 18:00:11] 완료 (exit: 0)

[2026-05-15 22:00:02] iOS 백필 시작 (최근 7일)
[dotenv@17.3.1] injecting env (31) from .env.local -- tip: ⚙️  specify custom .env file path with { path: '/custom/path/.env' }
Backfill 7 days ending 2026-05-15 (vendor=88051795)

2026-05-15  ❌ HTTP error
2026-05-14  dl=  2  rev=   0.00  bytes=2478
2026-05-13  dl=  2  rev=   0.00  bytes=2283
2026-05-12  dl=  3  rev=   0.00  bytes=2650
2026-05-11  dl=  4  rev=   0.00  bytes=3182
2026-05-10  dl=  1  rev=   0.00  bytes=524
2026-05-09  dl=  2  rev=   0.00  bytes=1904

Total: 6 days fetched, 14 downloads, 0.00 revenue, 6 non-zero days
[2026-05-15 22:00:13] 완료 (exit: 0)

[2026-05-16 06:00:05] iOS 백필 시작 (최근 7일)
[dotenv@17.3.1] injecting env (31) from .env.local -- tip: 🛡️ auth for agents: https://vestauth.com
Backfill 7 days ending 2026-05-15 (vendor=88051795)

2026-05-15  ❌ HTTP error
2026-05-14  dl=  2  rev=   0.00  bytes=2478
2026-05-13  dl=  2  rev=   0.00  bytes=2283
2026-05-12  dl=  3  rev=   0.00  bytes=2650
2026-05-11  dl=  4  rev=   0.00  bytes=3182
2026-05-10  dl=  1  rev=   0.00  bytes=524
2026-05-09  dl=  2  rev=   0.00  bytes=1904

Total: 6 days fetched, 14 downloads, 0.00 revenue, 6 non-zero days
[2026-05-16 06:00:16] 완료 (exit: 0)

[2026-05-16 10:00:00] iOS 백필 시작 (최근 7일)
[dotenv@17.3.1] injecting env (31) from .env.local -- tip: 🛠️  run anywhere with `dotenvx run -- yourcommand`
Backfill 7 days ending 2026-05-16 (vendor=88051795)

2026-05-16  ❌ HTTP error
2026-05-15  ❌ HTTP error
2026-05-14  dl=  2  rev=   0.00  bytes=2478
2026-05-13  dl=  2  rev=   0.00  bytes=2283
2026-05-12  dl=  3  rev=   0.00  bytes=2650
2026-05-11  dl=  4  rev=   0.00  bytes=3182
2026-05-10  dl=  1  rev=   0.00  bytes=524

Total: 5 days fetched, 12 downloads, 0.00 revenue, 5 non-zero days
[2026-05-16 10:00:11] 완료 (exit: 0)

[2026-05-16 14:00:02] iOS 백필 시작 (최근 7일)
[dotenv@17.3.1] injecting env (31) from .env.local -- tip: 🔐 encrypt with Dotenvx: https://dotenvx.com
Backfill 7 days ending 2026-05-16 (vendor=88051795)

2026-05-16  ❌ HTTP error
2026-05-15  ❌ HTTP error
2026-05-14  dl=  2  rev=   0.00  bytes=2478
2026-05-13  dl=  2  rev=   0.00  bytes=2283
2026-05-12  dl=  3  rev=   0.00  bytes=2650
2026-05-11  dl=  4  rev=   0.00  bytes=3182
2026-05-10  dl=  1  rev=   0.00  bytes=524

Total: 5 days fetched, 12 downloads, 0.00 revenue, 5 non-zero days
[2026-05-16 14:00:13] 완료 (exit: 0)

[2026-05-16 18:00:03] iOS 백필 시작 (최근 7일)
[dotenv@17.3.1] injecting env (31) from .env.local -- tip: ⚡️ secrets for agents: https://dotenvx.com/as2
Backfill 7 days ending 2026-05-16 (vendor=88051795)

2026-05-16  ❌ HTTP error
2026-05-15  ❌ HTTP error
2026-05-14  dl=  2  rev=   0.00  bytes=2478
2026-05-13  dl=  2  rev=   0.00  bytes=2283
2026-05-12  dl=  3  rev=   0.00  bytes=2650
2026-05-11  dl=  4  rev=   0.00  bytes=3182
2026-05-10  dl=  1  rev=   0.00  bytes=524

Total: 5 days fetched, 12 downloads, 0.00 revenue, 5 non-zero days
[2026-05-16 18:00:13] 완료 (exit: 0)

[2026-05-16 22:00:04] iOS 백필 시작 (최근 7일)
[dotenv@17.3.1] injecting env (31) from .env.local -- tip: 🛠️  run anywhere with `dotenvx run -- yourcommand`
Backfill 7 days ending 2026-05-16 (vendor=88051795)

2026-05-16  ❌ HTTP error
2026-05-15  dl=  1  rev=   0.00  bytes=3360
2026-05-14  dl=  2  rev=   0.00  bytes=2478
2026-05-13  dl=  2  rev=   0.00  bytes=2283
2026-05-12  dl=  3  rev=   0.00  bytes=2650
2026-05-11  dl=  4  rev=   0.00  bytes=3182
2026-05-10  dl=  1  rev=   0.00  bytes=524

Total: 6 days fetched, 13 downloads, 0.00 revenue, 6 non-zero days
[2026-05-16 22:00:15] 완료 (exit: 0)

[2026-05-17 06:00:04] iOS 백필 시작 (최근 7일)
[dotenv@17.3.1] injecting env (31) from .env.local -- tip: 🤖 agentic secret storage: https://dotenvx.com/as2
Backfill 7 days ending 2026-05-16 (vendor=88051795)

2026-05-16  ❌ HTTP error
2026-05-15  dl=  1  rev=   0.00  bytes=3360
2026-05-14  dl=  2  rev=   0.00  bytes=2478
2026-05-13  dl=  2  rev=   0.00  bytes=2283
2026-05-12  dl=  3  rev=   0.00  bytes=2650
2026-05-11  dl=  4  rev=   0.00  bytes=3182
2026-05-10  dl=  1  rev=   0.00  bytes=524

Total: 6 days fetched, 13 downloads, 0.00 revenue, 6 non-zero days
[2026-05-17 06:00:15] 완료 (exit: 0)

[2026-05-17 10:00:05] iOS 백필 시작 (최근 7일)
[dotenv@17.3.1] injecting env (31) from .env.local -- tip: 🛠️  run anywhere with `dotenvx run -- yourcommand`
Backfill 7 days ending 2026-05-17 (vendor=88051795)

2026-05-17  ❌ HTTP error
2026-05-16  ❌ HTTP error
2026-05-15  dl=  1  rev=   0.00  bytes=3360
2026-05-14  dl=  2  rev=   0.00  bytes=2478
2026-05-13  dl=  2  rev=   0.00  bytes=2283
2026-05-12  dl=  3  rev=   0.00  bytes=2650
2026-05-11  dl=  4  rev=   0.00  bytes=3182

Total: 5 days fetched, 12 downloads, 0.00 revenue, 5 non-zero days
[2026-05-17 10:00:15] 완료 (exit: 0)

[2026-05-17 14:00:05] iOS 백필 시작 (최근 7일)
npm warn exec The following package was not found and will be installed: tsx@4.22.1
[dotenv@17.3.1] injecting env (31) from .env.local -- tip: 🔐 prevent building .env in docker: https://dotenvx.com/prebuild
Backfill 7 days ending 2026-05-17 (vendor=88051795)

2026-05-17  ❌ HTTP error
2026-05-16  ❌ HTTP error
2026-05-15  dl=  1  rev=   0.00  bytes=3360
2026-05-14  dl=  2  rev=   0.00  bytes=2478
2026-05-13  dl=  2  rev=   0.00  bytes=2283
2026-05-12  dl=  3  rev=   0.00  bytes=2650
2026-05-11  dl=  4  rev=   0.00  bytes=3182

Total: 5 days fetched, 12 downloads, 0.00 revenue, 5 non-zero days
[2026-05-17 14:00:16] 완료 (exit: 0)

[2026-05-17 18:00:03] iOS 백필 시작 (최근 7일)
[dotenv@17.3.1] injecting env (31) from .env.local -- tip: 🔐 encrypt with Dotenvx: https://dotenvx.com
Backfill 7 days ending 2026-05-17 (vendor=88051795)

2026-05-17  ❌ HTTP error
2026-05-16  ❌ HTTP error
2026-05-15  dl=  1  rev=   0.00  bytes=3360
2026-05-14  dl=  2  rev=   0.00  bytes=2478
2026-05-13  dl=  2  rev=   0.00  bytes=2283
2026-05-12  dl=  3  rev=   0.00  bytes=2650
2026-05-11  dl=  4  rev=   0.00  bytes=3182

Total: 5 days fetched, 12 downloads, 0.00 revenue, 5 non-zero days
[2026-05-17 18:00:13] 완료 (exit: 0)

[2026-05-17 22:00:04] iOS 백필 시작 (최근 7일)
[dotenv@17.3.1] injecting env (31) from .env.local -- tip: ⚙️  load multiple .env files with { path: ['.env.local', '.env'] }
Backfill 7 days ending 2026-05-17 (vendor=88051795)

2026-05-17  ❌ HTTP error
2026-05-16  dl=  2  rev=   0.00  bytes=2298
2026-05-15  dl=  1  rev=   0.00  bytes=3360
2026-05-14  dl=  2  rev=   0.00  bytes=2478
2026-05-13  dl=  2  rev=   0.00  bytes=2283
2026-05-12  dl=  3  rev=   0.00  bytes=2650
2026-05-11  dl=  4  rev=   0.00  bytes=3182

Total: 6 days fetched, 14 downloads, 0.00 revenue, 6 non-zero days
[2026-05-17 22:00:16] 완료 (exit: 0)

[2026-05-18 06:00:03] iOS 백필 시작 (최근 7일)
[dotenv@17.3.1] injecting env (31) from .env.local -- tip: ⚡️ secrets for agents: https://dotenvx.com/as2
Backfill 7 days ending 2026-05-17 (vendor=88051795)

2026-05-17  ❌ HTTP error
2026-05-16  dl=  2  rev=   0.00  bytes=2298
2026-05-15  dl=  1  rev=   0.00  bytes=3360
2026-05-14  dl=  2  rev=   0.00  bytes=2478
2026-05-13  dl=  2  rev=   0.00  bytes=2283
2026-05-12  dl=  3  rev=   0.00  bytes=2650
2026-05-11  dl=  4  rev=   0.00  bytes=3182

Total: 6 days fetched, 14 downloads, 0.00 revenue, 6 non-zero days
[2026-05-18 06:00:14] 완료 (exit: 0)

[2026-05-18 10:00:05] iOS 백필 시작 (최근 7일)
[dotenv@17.3.1] injecting env (31) from .env.local -- tip: ⚙️  load multiple .env files with { path: ['.env.local', '.env'] }
Backfill 7 days ending 2026-05-18 (vendor=88051795)

2026-05-18  ❌ HTTP error
2026-05-17  ❌ HTTP error
2026-05-16  dl=  2  rev=   0.00  bytes=2298
2026-05-15  dl=  1  rev=   0.00  bytes=3360
2026-05-14  dl=  2  rev=   0.00  bytes=2478
2026-05-13  dl=  2  rev=   0.00  bytes=2283
2026-05-12  dl=  3  rev=   0.00  bytes=2650

Total: 5 days fetched, 10 downloads, 0.00 revenue, 5 non-zero days
[2026-05-18 10:00:15] 완료 (exit: 0)

[2026-05-18 14:00:04] iOS 백필 시작 (최근 7일)
[dotenv@17.3.1] injecting env (31) from .env.local -- tip: ⚙️  enable debug logging with { debug: true }
Backfill 7 days ending 2026-05-18 (vendor=88051795)

2026-05-18  ❌ HTTP error
2026-05-17  ❌ HTTP error
2026-05-16  dl=  2  rev=   0.00  bytes=2298
2026-05-15  dl=  1  rev=   0.00  bytes=3360
2026-05-14  dl=  2  rev=   0.00  bytes=2478
2026-05-13  dl=  2  rev=   0.00  bytes=2283
2026-05-12  dl=  3  rev=   0.00  bytes=2650

Total: 5 days fetched, 10 downloads, 0.00 revenue, 5 non-zero days
[2026-05-18 14:00:15] 완료 (exit: 0)

[2026-05-18 18:00:03] iOS 백필 시작 (최근 7일)
[dotenv@17.3.1] injecting env (31) from .env.local -- tip: ⚙️  write to custom object with { processEnv: myObject }
Backfill 7 days ending 2026-05-18 (vendor=88051795)

2026-05-18  ❌ HTTP error
2026-05-17  ❌ HTTP error
2026-05-16  dl=  2  rev=   0.00  bytes=2298
2026-05-15  dl=  1  rev=   0.00  bytes=3360
2026-05-14  dl=  2  rev=   0.00  bytes=2478
2026-05-13  dl=  2  rev=   0.00  bytes=2283
2026-05-12  dl=  3  rev=   0.00  bytes=2650

Total: 5 days fetched, 10 downloads, 0.00 revenue, 5 non-zero days
[2026-05-18 18:00:14] 완료 (exit: 0)

[2026-05-18 22:00:03] iOS 백필 시작 (최근 7일)
[dotenv@17.3.1] injecting env (31) from .env.local -- tip: ⚙️  load multiple .env files with { path: ['.env.local', '.env'] }
Backfill 7 days ending 2026-05-18 (vendor=88051795)

2026-05-18  ❌ HTTP error
2026-05-17  dl=  0  rev=   0.00  bytes=1576
2026-05-16  dl=  2  rev=   0.00  bytes=2298
2026-05-15  dl=  1  rev=   0.00  bytes=3360
2026-05-14  dl=  2  rev=   0.00  bytes=2478
2026-05-13  dl=  2  rev=   0.00  bytes=2283
2026-05-12  dl=  3  rev=   0.00  bytes=2650

Total: 6 days fetched, 10 downloads, 0.00 revenue, 5 non-zero days
[2026-05-18 22:00:14] 완료 (exit: 0)

[2026-05-19 06:00:05] iOS 백필 시작 (최근 7일)
npm warn exec The following package was not found and will be installed: tsx@4.22.2
[dotenv@17.3.1] injecting env (31) from .env.local -- tip: ⚙️  write to custom object with { processEnv: myObject }
Backfill 7 days ending 2026-05-18 (vendor=88051795)

2026-05-18  ❌ HTTP error
2026-05-17  dl=  0  rev=   0.00  bytes=1576
2026-05-16  dl=  2  rev=   0.00  bytes=2298
2026-05-15  dl=  1  rev=   0.00  bytes=3360
2026-05-14  dl=  2  rev=   0.00  bytes=2478
2026-05-13  dl=  2  rev=   0.00  bytes=2283
2026-05-12  dl=  3  rev=   0.00  bytes=2650

Total: 6 days fetched, 10 downloads, 0.00 revenue, 5 non-zero days
[2026-05-19 06:00:16] 완료 (exit: 0)

[2026-05-19 10:00:05] iOS 백필 시작 (최근 7일)
[dotenv@17.3.1] injecting env (31) from .env.local -- tip: ⚙️  suppress all logs with { quiet: true }
Backfill 7 days ending 2026-05-19 (vendor=88051795)

2026-05-19  ❌ HTTP error
2026-05-18  ❌ HTTP error
2026-05-17  dl=  0  rev=   0.00  bytes=1576
2026-05-16  dl=  2  rev=   0.00  bytes=2298
2026-05-15  dl=  1  rev=   0.00  bytes=3360
2026-05-14  dl=  2  rev=   0.00  bytes=2478
2026-05-13  dl=  2  rev=   0.00  bytes=2283

Total: 5 days fetched, 7 downloads, 0.00 revenue, 4 non-zero days
[2026-05-19 10:00:15] 완료 (exit: 0)

[2026-05-19 14:00:04] iOS 백필 시작 (최근 7일)
[dotenv@17.3.1] injecting env (31) from .env.local -- tip: 🛠️  run anywhere with `dotenvx run -- yourcommand`
Backfill 7 days ending 2026-05-19 (vendor=88051795)

2026-05-19  ❌ HTTP error
2026-05-18  ❌ HTTP error
2026-05-17  dl=  0  rev=   0.00  bytes=1576
2026-05-16  dl=  2  rev=   0.00  bytes=2298
2026-05-15  dl=  1  rev=   0.00  bytes=3360
2026-05-14  dl=  2  rev=   0.00  bytes=2478
2026-05-13  dl=  2  rev=   0.00  bytes=2283

Total: 5 days fetched, 7 downloads, 0.00 revenue, 4 non-zero days
[2026-05-19 14:00:17] 완료 (exit: 0)

[2026-05-19 18:00:05] iOS 백필 시작 (최근 7일)
[dotenv@17.3.1] injecting env (31) from .env.local -- tip: 🔐 prevent building .env in docker: https://dotenvx.com/prebuild
Backfill 7 days ending 2026-05-19 (vendor=88051795)

2026-05-19  ❌ HTTP error
2026-05-18  ❌ HTTP error
2026-05-17  dl=  0  rev=   0.00  bytes=1576
2026-05-16  dl=  2  rev=   0.00  bytes=2298
2026-05-15  dl=  1  rev=   0.00  bytes=3360
2026-05-14  dl=  2  rev=   0.00  bytes=2478
2026-05-13  dl=  2  rev=   0.00  bytes=2283

Total: 5 days fetched, 7 downloads, 0.00 revenue, 4 non-zero days
[2026-05-19 18:00:16] 완료 (exit: 0)

[2026-05-19 22:00:03] iOS 백필 시작 (최근 7일)
npm warn exec The following package was not found and will be installed: tsx@4.22.3
[dotenv@17.3.1] injecting env (31) from .env.local -- tip: ⚙️  write to custom object with { processEnv: myObject }
Backfill 7 days ending 2026-05-19 (vendor=88051795)

2026-05-19  ❌ HTTP error
2026-05-18  dl=  3  rev=   0.00  bytes=3554
2026-05-17  dl=  0  rev=   0.00  bytes=1576
2026-05-16  dl=  2  rev=   0.00  bytes=2298
2026-05-15  dl=  1  rev=   0.00  bytes=3360
2026-05-14  dl=  2  rev=   0.00  bytes=2478
2026-05-13  dl=  2  rev=   0.00  bytes=2283

Total: 6 days fetched, 10 downloads, 0.00 revenue, 5 non-zero days
[2026-05-19 22:00:15] 완료 (exit: 0)

[2026-05-20 06:00:02] iOS 백필 시작 (최근 7일)
[dotenv@17.3.1] injecting env (31) from .env.local -- tip: ⚙️  write to custom object with { processEnv: myObject }
Backfill 7 days ending 2026-05-19 (vendor=88051795)

2026-05-19  ❌ HTTP error
2026-05-18  dl=  3  rev=   0.00  bytes=3554
2026-05-17  dl=  0  rev=   0.00  bytes=1576
2026-05-16  dl=  2  rev=   0.00  bytes=2298
2026-05-15  dl=  1  rev=   0.00  bytes=3360
2026-05-14  dl=  2  rev=   0.00  bytes=2478
2026-05-13  dl=  2  rev=   0.00  bytes=2283

Total: 6 days fetched, 10 downloads, 0.00 revenue, 5 non-zero days
[2026-05-20 06:00:13] 완료 (exit: 0)

[2026-05-20 10:00:05] iOS 백필 시작 (최근 7일)
[dotenv@17.3.1] injecting env (31) from .env.local -- tip: 🔐 encrypt with Dotenvx: https://dotenvx.com
Backfill 7 days ending 2026-05-20 (vendor=88051795)

2026-05-20  ❌ HTTP error
2026-05-19  ❌ HTTP error
2026-05-18  dl=  3  rev=   0.00  bytes=3554
2026-05-17  dl=  0  rev=   0.00  bytes=1576
2026-05-16  dl=  2  rev=   0.00  bytes=2298
2026-05-15  dl=  1  rev=   0.00  bytes=3360
2026-05-14  dl=  2  rev=   0.00  bytes=2478

Total: 5 days fetched, 8 downloads, 0.00 revenue, 4 non-zero days
[2026-05-20 10:00:15] 완료 (exit: 0)

[2026-05-20 14:00:04] iOS 백필 시작 (최근 7일)
[dotenv@17.3.1] injecting env (31) from .env.local -- tip: ⚡️ secrets for agents: https://dotenvx.com/as2
Backfill 7 days ending 2026-05-20 (vendor=88051795)

2026-05-20  ❌ HTTP error
2026-05-19  ❌ HTTP error
2026-05-18  dl=  3  rev=   0.00  bytes=3554
2026-05-17  dl=  0  rev=   0.00  bytes=1576
2026-05-16  dl=  2  rev=   0.00  bytes=2298
2026-05-15  dl=  1  rev=   0.00  bytes=3360
2026-05-14  dl=  2  rev=   0.00  bytes=2478

Total: 5 days fetched, 8 downloads, 0.00 revenue, 4 non-zero days
[2026-05-20 14:00:15] 완료 (exit: 0)

[2026-05-20 18:00:01] iOS 백필 시작 (최근 7일)
[dotenv@17.3.1] injecting env (31) from .env.local -- tip: 🛠️  run anywhere with `dotenvx run -- yourcommand`
Backfill 7 days ending 2026-05-20 (vendor=88051795)

2026-05-20  ❌ HTTP error
2026-05-19  ❌ HTTP error
2026-05-18  dl=  3  rev=   0.00  bytes=3554
2026-05-17  dl=  0  rev=   0.00  bytes=1576
2026-05-16  dl=  2  rev=   0.00  bytes=2298
2026-05-15  dl=  1  rev=   0.00  bytes=3360
2026-05-14  dl=  2  rev=   0.00  bytes=2478

Total: 5 days fetched, 8 downloads, 0.00 revenue, 4 non-zero days
[2026-05-20 18:00:13] 완료 (exit: 0)

[2026-05-20 22:00:04] iOS 백필 시작 (최근 7일)
[dotenv@17.3.1] injecting env (31) from .env.local -- tip: ⚙️  enable debug logging with { debug: true }
Backfill 7 days ending 2026-05-20 (vendor=88051795)

2026-05-20  ❌ HTTP error
2026-05-19  dl=  7  rev=   0.00  bytes=3536
2026-05-18  dl=  3  rev=   0.00  bytes=3554
2026-05-17  dl=  0  rev=   0.00  bytes=1576
2026-05-16  dl=  2  rev=   0.00  bytes=2298
2026-05-15  dl=  1  rev=   0.00  bytes=3360
2026-05-14  dl=  2  rev=   0.00  bytes=2478

Total: 6 days fetched, 15 downloads, 0.00 revenue, 5 non-zero days
[2026-05-20 22:00:14] 완료 (exit: 0)

[2026-05-21 06:00:03] iOS 백필 시작 (최근 7일)
[dotenv@17.3.1] injecting env (31) from .env.local -- tip: 🤖 agentic secret storage: https://dotenvx.com/as2
Backfill 7 days ending 2026-05-20 (vendor=88051795)

2026-05-20  ❌ HTTP error
2026-05-19  dl=  7  rev=   0.00  bytes=3536
2026-05-18  dl=  3  rev=   0.00  bytes=3554
2026-05-17  dl=  0  rev=   0.00  bytes=1576
2026-05-16  dl=  2  rev=   0.00  bytes=2298
2026-05-15  dl=  1  rev=   0.00  bytes=3360
2026-05-14  dl=  2  rev=   0.00  bytes=2478

Total: 6 days fetched, 15 downloads, 0.00 revenue, 5 non-zero days
[2026-05-21 06:00:14] 완료 (exit: 0)

[2026-05-21 10:00:03] iOS 백필 시작 (최근 7일)
[dotenv@17.3.1] injecting env (31) from .env.local -- tip: ⚙️  write to custom object with { processEnv: myObject }
Backfill 7 days ending 2026-05-21 (vendor=88051795)

2026-05-21  ❌ HTTP error
2026-05-20  ❌ HTTP error
2026-05-19  dl=  7  rev=   0.00  bytes=3536
2026-05-18  dl=  3  rev=   0.00  bytes=3554
2026-05-17  dl=  0  rev=   0.00  bytes=1576
2026-05-16  dl=  2  rev=   0.00  bytes=2298
2026-05-15  dl=  1  rev=   0.00  bytes=3360

Total: 5 days fetched, 13 downloads, 0.00 revenue, 4 non-zero days
[2026-05-21 10:00:12] 완료 (exit: 0)

[2026-05-21 14:00:03] iOS 백필 시작 (최근 7일)
[dotenv@17.3.1] injecting env (31) from .env.local -- tip: 🔐 encrypt with Dotenvx: https://dotenvx.com
Backfill 7 days ending 2026-05-21 (vendor=88051795)

2026-05-21  ❌ HTTP error
2026-05-20  ❌ HTTP error
2026-05-19  dl=  7  rev=   0.00  bytes=3536
2026-05-18  dl=  3  rev=   0.00  bytes=3554
2026-05-17  dl=  0  rev=   0.00  bytes=1576
2026-05-16  dl=  2  rev=   0.00  bytes=2298
2026-05-15  dl=  1  rev=   0.00  bytes=3360

Total: 5 days fetched, 13 downloads, 0.00 revenue, 4 non-zero days
[2026-05-21 14:00:13] 완료 (exit: 0)

[2026-05-21 18:00:05] iOS 백필 시작 (최근 7일)
[dotenv@17.3.1] injecting env (31) from .env.local -- tip: 🤖 agentic secret storage: https://dotenvx.com/as2
Backfill 7 days ending 2026-05-21 (vendor=88051795)

2026-05-21  ❌ HTTP error
2026-05-20  ❌ HTTP error
2026-05-19  dl=  7  rev=   0.00  bytes=3536
2026-05-18  dl=  3  rev=   0.00  bytes=3554
2026-05-17  dl=  0  rev=   0.00  bytes=1576
2026-05-16  dl=  2  rev=   0.00  bytes=2298
2026-05-15  dl=  1  rev=   0.00  bytes=3360

Total: 5 days fetched, 13 downloads, 0.00 revenue, 4 non-zero days
[2026-05-21 18:00:19] 완료 (exit: 0)

[2026-05-21 22:00:03] iOS 백필 시작 (최근 7일)
[dotenv@17.3.1] injecting env (31) from .env.local -- tip: 🔐 prevent building .env in docker: https://dotenvx.com/prebuild
Backfill 7 days ending 2026-05-21 (vendor=88051795)

2026-05-21  ❌ HTTP error
2026-05-20  dl=  2  rev=   0.00  bytes=1951
2026-05-19  dl=  7  rev=   0.00  bytes=3536
2026-05-18  dl=  3  rev=   0.00  bytes=3554
2026-05-17  dl=  0  rev=   0.00  bytes=1576
2026-05-16  dl=  2  rev=   0.00  bytes=2298
2026-05-15  dl=  1  rev=   0.00  bytes=3360

Total: 6 days fetched, 15 downloads, 0.00 revenue, 5 non-zero days
[2026-05-21 22:00:14] 완료 (exit: 0)

[2026-05-22 06:00:04] iOS 백필 시작 (최근 7일)
[dotenv@17.3.1] injecting env (31) from .env.local -- tip: 🤖 agentic secret storage: https://dotenvx.com/as2
Backfill 7 days ending 2026-05-21 (vendor=88051795)

2026-05-21  ❌ HTTP error
2026-05-20  dl=  2  rev=   0.00  bytes=1951
2026-05-19  dl=  7  rev=   0.00  bytes=3536
2026-05-18  dl=  3  rev=   0.00  bytes=3554
2026-05-17  dl=  0  rev=   0.00  bytes=1576
2026-05-16  dl=  2  rev=   0.00  bytes=2298
2026-05-15  dl=  1  rev=   0.00  bytes=3360

Total: 6 days fetched, 15 downloads, 0.00 revenue, 5 non-zero days
[2026-05-22 06:00:15] 완료 (exit: 0)

[2026-05-22 10:00:02] iOS 백필 시작 (최근 7일)
[dotenv@17.3.1] injecting env (31) from .env.local -- tip: 🤖 agentic secret storage: https://dotenvx.com/as2
Backfill 7 days ending 2026-05-22 (vendor=88051795)

2026-05-22  ❌ HTTP error
2026-05-21  ❌ HTTP error
2026-05-20  dl=  2  rev=   0.00  bytes=1951
2026-05-19  dl=  7  rev=   0.00  bytes=3536
2026-05-18  dl=  3  rev=   0.00  bytes=3554
2026-05-17  dl=  0  rev=   0.00  bytes=1576
2026-05-16  dl=  2  rev=   0.00  bytes=2298

Total: 5 days fetched, 14 downloads, 0.00 revenue, 4 non-zero days
[2026-05-22 10:00:11] 완료 (exit: 0)

[2026-05-22 14:00:02] iOS 백필 시작 (최근 7일)
[dotenv@17.3.1] injecting env (31) from .env.local -- tip: 🤖 agentic secret storage: https://dotenvx.com/as2
Backfill 7 days ending 2026-05-22 (vendor=88051795)

2026-05-22  ❌ HTTP error
2026-05-21  ❌ HTTP error
2026-05-20  dl=  2  rev=   0.00  bytes=1951
2026-05-19  dl=  7  rev=   0.00  bytes=3536
2026-05-18  dl=  3  rev=   0.00  bytes=3554
2026-05-17  dl=  0  rev=   0.00  bytes=1576
2026-05-16  dl=  2  rev=   0.00  bytes=2298

Total: 5 days fetched, 14 downloads, 0.00 revenue, 4 non-zero days
[2026-05-22 14:00:11] 완료 (exit: 0)

[2026-05-22 18:00:02] iOS 백필 시작 (최근 7일)
[dotenv@17.3.1] injecting env (31) from .env.local -- tip: ⚙️  specify custom .env file path with { path: '/custom/path/.env' }
Backfill 7 days ending 2026-05-22 (vendor=88051795)

2026-05-22  ❌ HTTP error
2026-05-21  ❌ HTTP error
2026-05-20  dl=  2  rev=   0.00  bytes=1951
2026-05-19  dl=  7  rev=   0.00  bytes=3536
2026-05-18  dl=  3  rev=   0.00  bytes=3554
2026-05-17  dl=  0  rev=   0.00  bytes=1576
2026-05-16  dl=  2  rev=   0.00  bytes=2298

Total: 5 days fetched, 14 downloads, 0.00 revenue, 4 non-zero days
[2026-05-22 18:00:11] 완료 (exit: 0)

[2026-05-22 22:00:03] iOS 백필 시작 (최근 7일)
[dotenv@17.3.1] injecting env (31) from .env.local -- tip: ⚙️  suppress all logs with { quiet: true }
Backfill 7 days ending 2026-05-22 (vendor=88051795)

2026-05-22  ❌ HTTP error
2026-05-21  dl=  1  rev=   0.00  bytes=2832
2026-05-20  dl=  2  rev=   0.00  bytes=1951
2026-05-19  dl=  7  rev=   0.00  bytes=3536
2026-05-18  dl=  3  rev=   0.00  bytes=3554
2026-05-17  dl=  0  rev=   0.00  bytes=1576
2026-05-16  dl=  2  rev=   0.00  bytes=2298

Total: 6 days fetched, 15 downloads, 0.00 revenue, 5 non-zero days
[2026-05-22 22:00:13] 완료 (exit: 0)

[2026-05-23 06:00:04] iOS 백필 시작 (최근 7일)
[dotenv@17.3.1] injecting env (31) from .env.local -- tip: 🛡️ auth for agents: https://vestauth.com
Backfill 7 days ending 2026-05-22 (vendor=88051795)

2026-05-22  ❌ HTTP error
2026-05-21  dl=  1  rev=   0.00  bytes=2832
2026-05-20  dl=  2  rev=   0.00  bytes=1951
2026-05-19  dl=  7  rev=   0.00  bytes=3536
2026-05-18  dl=  3  rev=   0.00  bytes=3554
2026-05-17  dl=  0  rev=   0.00  bytes=1576
2026-05-16  dl=  2  rev=   0.00  bytes=2298

Total: 6 days fetched, 15 downloads, 0.00 revenue, 5 non-zero days
[2026-05-23 06:00:14] 완료 (exit: 0)

[2026-05-23 10:00:03] iOS 백필 시작 (최근 7일)
[dotenv@17.3.1] injecting env (31) from .env.local -- tip: ⚙️  specify custom .env file path with { path: '/custom/path/.env' }
Backfill 7 days ending 2026-05-23 (vendor=88051795)

2026-05-23  ❌ HTTP error
2026-05-22  ❌ HTTP error
2026-05-21  dl=  1  rev=   0.00  bytes=2832
2026-05-20  dl=  2  rev=   0.00  bytes=1951
2026-05-19  dl=  7  rev=   0.00  bytes=3536
2026-05-18  dl=  3  rev=   0.00  bytes=3554
2026-05-17  dl=  0  rev=   0.00  bytes=1576

Total: 5 days fetched, 13 downloads, 0.00 revenue, 4 non-zero days
[2026-05-23 10:00:13] 완료 (exit: 0)

[2026-05-23 14:00:03] iOS 백필 시작 (최근 7일)
[dotenv@17.3.1] injecting env (31) from .env.local -- tip: ⚙️  specify custom .env file path with { path: '/custom/path/.env' }
Backfill 7 days ending 2026-05-23 (vendor=88051795)

2026-05-23  ❌ HTTP error
2026-05-22  ❌ HTTP error
2026-05-21  dl=  1  rev=   0.00  bytes=2832
2026-05-20  dl=  2  rev=   0.00  bytes=1951
2026-05-19  dl=  7  rev=   0.00  bytes=3536
2026-05-18  dl=  3  rev=   0.00  bytes=3554
2026-05-17  dl=  0  rev=   0.00  bytes=1576

Total: 5 days fetched, 13 downloads, 0.00 revenue, 4 non-zero days
[2026-05-23 14:00:14] 완료 (exit: 0)

[2026-05-23 18:00:04] iOS 백필 시작 (최근 7일)
[dotenv@17.3.1] injecting env (31) from .env.local -- tip: 🔐 encrypt with Dotenvx: https://dotenvx.com
Backfill 7 days ending 2026-05-23 (vendor=88051795)

2026-05-23  ❌ HTTP error
2026-05-22  ❌ HTTP error
2026-05-21  dl=  1  rev=   0.00  bytes=2832
2026-05-20  dl=  2  rev=   0.00  bytes=1951
2026-05-19  dl=  7  rev=   0.00  bytes=3536
2026-05-18  dl=  3  rev=   0.00  bytes=3554
2026-05-17  dl=  0  rev=   0.00  bytes=1576

Total: 5 days fetched, 13 downloads, 0.00 revenue, 4 non-zero days
[2026-05-23 18:00:15] 완료 (exit: 0)

[2026-05-23 22:00:05] iOS 백필 시작 (최근 7일)
[dotenv@17.3.1] injecting env (31) from .env.local -- tip: ⚙️  write to custom object with { processEnv: myObject }
Backfill 7 days ending 2026-05-23 (vendor=88051795)

2026-05-23  ❌ HTTP error
2026-05-22  dl=  0  rev=   0.00  bytes=1573
2026-05-21  dl=  1  rev=   0.00  bytes=2832
2026-05-20  dl=  2  rev=   0.00  bytes=1951
2026-05-19  dl=  7  rev=   0.00  bytes=3536
2026-05-18  dl=  3  rev=   0.00  bytes=3554
2026-05-17  dl=  0  rev=   0.00  bytes=1576

Total: 6 days fetched, 13 downloads, 0.00 revenue, 4 non-zero days
[2026-05-23 22:00:17] 완료 (exit: 0)

[2026-05-24 06:00:01] iOS 백필 시작 (최근 7일)
[dotenv@17.3.1] injecting env (31) from .env.local -- tip: ⚡️ secrets for agents: https://dotenvx.com/as2
Backfill 7 days ending 2026-05-23 (vendor=88051795)

2026-05-23  ❌ HTTP error
2026-05-22  dl=  0  rev=   0.00  bytes=1573
2026-05-21  dl=  1  rev=   0.00  bytes=2832
2026-05-20  dl=  2  rev=   0.00  bytes=1951
2026-05-19  dl=  7  rev=   0.00  bytes=3536
2026-05-18  dl=  3  rev=   0.00  bytes=3554
2026-05-17  dl=  0  rev=   0.00  bytes=1576

Total: 6 days fetched, 13 downloads, 0.00 revenue, 4 non-zero days
[2026-05-24 06:00:12] 완료 (exit: 0)

[2026-05-24 10:00:04] iOS 백필 시작 (최근 7일)
[dotenv@17.3.1] injecting env (31) from .env.local -- tip: 🔐 prevent committing .env to code: https://dotenvx.com/precommit
Backfill 7 days ending 2026-05-24 (vendor=88051795)

2026-05-24  ❌ HTTP error
2026-05-23  ❌ HTTP error
2026-05-22  dl=  0  rev=   0.00  bytes=1573
2026-05-21  dl=  1  rev=   0.00  bytes=2832
2026-05-20  dl=  2  rev=   0.00  bytes=1951
2026-05-19  dl=  7  rev=   0.00  bytes=3536
2026-05-18  dl=  3  rev=   0.00  bytes=3554

Total: 5 days fetched, 13 downloads, 0.00 revenue, 4 non-zero days
[2026-05-24 10:00:14] 완료 (exit: 0)

[2026-05-24 14:00:03] iOS 백필 시작 (최근 7일)
[dotenv@17.3.1] injecting env (31) from .env.local -- tip: ⚙️  specify custom .env file path with { path: '/custom/path/.env' }
Backfill 7 days ending 2026-05-24 (vendor=88051795)

2026-05-24  ❌ HTTP error
2026-05-23  ❌ HTTP error
2026-05-22  dl=  0  rev=   0.00  bytes=1573
2026-05-21  dl=  1  rev=   0.00  bytes=2832
2026-05-20  dl=  2  rev=   0.00  bytes=1951
2026-05-19  dl=  7  rev=   0.00  bytes=3536
2026-05-18  dl=  3  rev=   0.00  bytes=3554

Total: 5 days fetched, 13 downloads, 0.00 revenue, 4 non-zero days
[2026-05-24 14:00:14] 완료 (exit: 0)

[2026-05-24 18:00:03] iOS 백필 시작 (최근 7일)
[dotenv@17.3.1] injecting env (31) from .env.local -- tip: ⚙️  suppress all logs with { quiet: true }
Backfill 7 days ending 2026-05-24 (vendor=88051795)

2026-05-24  ❌ HTTP error
2026-05-23  ❌ HTTP error
2026-05-22  dl=  0  rev=   0.00  bytes=1573
2026-05-21  dl=  1  rev=   0.00  bytes=2832
2026-05-20  dl=  2  rev=   0.00  bytes=1951
2026-05-19  dl=  7  rev=   0.00  bytes=3536
2026-05-18  dl=  3  rev=   0.00  bytes=3554

Total: 5 days fetched, 13 downloads, 0.00 revenue, 4 non-zero days
[2026-05-24 18:00:13] 완료 (exit: 0)

[2026-05-24 22:00:02] iOS 백필 시작 (최근 7일)
[dotenv@17.3.1] injecting env (31) from .env.local -- tip: ⚙️  suppress all logs with { quiet: true }
Backfill 7 days ending 2026-05-24 (vendor=88051795)

2026-05-24  ❌ HTTP error
2026-05-23  dl=  0  rev=   0.00  bytes=1041
2026-05-22  dl=  0  rev=   0.00  bytes=1573
2026-05-21  dl=  1  rev=   0.00  bytes=2832
2026-05-20  dl=  2  rev=   0.00  bytes=1951
2026-05-19  dl=  7  rev=   0.00  bytes=3536
2026-05-18  dl=  3  rev=   0.00  bytes=3554

Total: 6 days fetched, 13 downloads, 0.00 revenue, 4 non-zero days
[2026-05-24 22:00:13] 완료 (exit: 0)

[2026-05-25 06:00:03] iOS 백필 시작 (최근 7일)
[dotenv@17.3.1] injecting env (31) from .env.local -- tip: 🔐 prevent building .env in docker: https://dotenvx.com/prebuild
Backfill 7 days ending 2026-05-24 (vendor=88051795)

2026-05-24  ❌ HTTP error
2026-05-23  dl=  0  rev=   0.00  bytes=1041
2026-05-22  dl=  0  rev=   0.00  bytes=1573
2026-05-21  dl=  1  rev=   0.00  bytes=2832
2026-05-20  dl=  2  rev=   0.00  bytes=1951
2026-05-19  dl=  7  rev=   0.00  bytes=3536
2026-05-18  dl=  3  rev=   0.00  bytes=3554

Total: 6 days fetched, 13 downloads, 0.00 revenue, 4 non-zero days
[2026-05-25 06:00:14] 완료 (exit: 0)

[2026-05-25 10:00:03] iOS 백필 시작 (최근 7일)
[dotenv@17.3.1] injecting env (31) from .env.local -- tip: ⚙️  specify custom .env file path with { path: '/custom/path/.env' }
Backfill 7 days ending 2026-05-25 (vendor=88051795)

2026-05-25  ❌ HTTP error
2026-05-24  ❌ HTTP error
2026-05-23  dl=  0  rev=   0.00  bytes=1041
2026-05-22  dl=  0  rev=   0.00  bytes=1573
2026-05-21  dl=  1  rev=   0.00  bytes=2832
2026-05-20  dl=  2  rev=   0.00  bytes=1951
2026-05-19  dl=  7  rev=   0.00  bytes=3536

Total: 5 days fetched, 10 downloads, 0.00 revenue, 3 non-zero days
[2026-05-25 10:00:14] 완료 (exit: 0)

[2026-05-25 14:00:05] iOS 백필 시작 (최근 7일)
[dotenv@17.3.1] injecting env (31) from .env.local -- tip: ⚡️ secrets for agents: https://dotenvx.com/as2
Backfill 7 days ending 2026-05-25 (vendor=88051795)

2026-05-25  ❌ HTTP error
2026-05-24  ❌ HTTP error
2026-05-23  dl=  0  rev=   0.00  bytes=1041
2026-05-22  dl=  0  rev=   0.00  bytes=1573
2026-05-21  dl=  1  rev=   0.00  bytes=2832
2026-05-20  dl=  2  rev=   0.00  bytes=1951
2026-05-19  dl=  7  rev=   0.00  bytes=3536

Total: 5 days fetched, 10 downloads, 0.00 revenue, 3 non-zero days
[2026-05-25 14:00:16] 완료 (exit: 0)

[2026-05-25 18:00:05] iOS 백필 시작 (최근 7일)
[dotenv@17.3.1] injecting env (31) from .env.local -- tip: 🛡️ auth for agents: https://vestauth.com
Backfill 7 days ending 2026-05-25 (vendor=88051795)

2026-05-25  ❌ HTTP error
2026-05-24  ❌ HTTP error
2026-05-23  dl=  0  rev=   0.00  bytes=1041
2026-05-22  dl=  0  rev=   0.00  bytes=1573
2026-05-21  dl=  1  rev=   0.00  bytes=2832
2026-05-20  dl=  2  rev=   0.00  bytes=1951
2026-05-19  dl=  7  rev=   0.00  bytes=3536

Total: 5 days fetched, 10 downloads, 0.00 revenue, 3 non-zero days
[2026-05-25 18:00:15] 완료 (exit: 0)

[2026-05-25 22:00:05] iOS 백필 시작 (최근 7일)
[dotenv@17.3.1] injecting env (31) from .env.local -- tip: ⚙️  load multiple .env files with { path: ['.env.local', '.env'] }
Backfill 7 days ending 2026-05-25 (vendor=88051795)

2026-05-25  ❌ HTTP error
2026-05-24  dl=  0  rev=   0.00  bytes=876
2026-05-23  dl=  0  rev=   0.00  bytes=1041
2026-05-22  dl=  0  rev=   0.00  bytes=1573
2026-05-21  dl=  1  rev=   0.00  bytes=2832
2026-05-20  dl=  2  rev=   0.00  bytes=1951
2026-05-19  dl=  7  rev=   0.00  bytes=3536

Total: 6 days fetched, 10 downloads, 0.00 revenue, 3 non-zero days
[2026-05-25 22:00:16] 완료 (exit: 0)

[2026-05-26 06:00:05] iOS 백필 시작 (최근 7일)
[dotenv@17.3.1] injecting env (31) from .env.local -- tip: 🛡️ auth for agents: https://vestauth.com
Backfill 7 days ending 2026-05-25 (vendor=88051795)

2026-05-25  ❌ HTTP error
2026-05-24  dl=  0  rev=   0.00  bytes=876
2026-05-23  dl=  0  rev=   0.00  bytes=1041
2026-05-22  dl=  0  rev=   0.00  bytes=1573
2026-05-21  dl=  1  rev=   0.00  bytes=2832
2026-05-20  dl=  2  rev=   0.00  bytes=1951
2026-05-19  dl=  7  rev=   0.00  bytes=3536

Total: 6 days fetched, 10 downloads, 0.00 revenue, 3 non-zero days
[2026-05-26 06:00:16] 완료 (exit: 0)

[2026-05-26 10:00:04] iOS 백필 시작 (최근 7일)
[dotenv@17.3.1] injecting env (31) from .env.local -- tip: 🔐 prevent committing .env to code: https://dotenvx.com/precommit
Backfill 7 days ending 2026-05-26 (vendor=88051795)

2026-05-26  ❌ HTTP error
2026-05-25  ❌ HTTP error
2026-05-24  dl=  0  rev=   0.00  bytes=876
2026-05-23  dl=  0  rev=   0.00  bytes=1041
2026-05-22  dl=  0  rev=   0.00  bytes=1573
2026-05-21  dl=  1  rev=   0.00  bytes=2832
2026-05-20  dl=  2  rev=   0.00  bytes=1951

Total: 5 days fetched, 3 downloads, 0.00 revenue, 2 non-zero days
[2026-05-26 10:00:16] 완료 (exit: 0)

[2026-05-26 14:00:04] iOS 백필 시작 (최근 7일)
[dotenv@17.3.1] injecting env (31) from .env.local -- tip: 🔐 encrypt with Dotenvx: https://dotenvx.com
Backfill 7 days ending 2026-05-26 (vendor=88051795)

2026-05-26  ❌ HTTP error
2026-05-25  ❌ HTTP error
2026-05-24  dl=  0  rev=   0.00  bytes=876
2026-05-23  dl=  0  rev=   0.00  bytes=1041
2026-05-22  dl=  0  rev=   0.00  bytes=1573
2026-05-21  dl=  1  rev=   0.00  bytes=2832
2026-05-20  dl=  2  rev=   0.00  bytes=1951

Total: 5 days fetched, 3 downloads, 0.00 revenue, 2 non-zero days
[2026-05-26 14:00:15] 완료 (exit: 0)

[2026-05-26 18:00:02] iOS 백필 시작 (최근 7일)
[dotenv@17.3.1] injecting env (31) from .env.local -- tip: ⚙️  write to custom object with { processEnv: myObject }
Backfill 7 days ending 2026-05-26 (vendor=88051795)

2026-05-26  ❌ HTTP error
2026-05-25  ❌ HTTP error
2026-05-24  dl=  0  rev=   0.00  bytes=876
2026-05-23  dl=  0  rev=   0.00  bytes=1041
2026-05-22  dl=  0  rev=   0.00  bytes=1573
2026-05-21  dl=  1  rev=   0.00  bytes=2832
2026-05-20  dl=  2  rev=   0.00  bytes=1951

Total: 5 days fetched, 3 downloads, 0.00 revenue, 2 non-zero days
[2026-05-26 18:00:12] 완료 (exit: 0)

[2026-05-26 22:00:01] iOS 백필 시작 (최근 7일)
[dotenv@17.3.1] injecting env (31) from .env.local -- tip: ⚙️  enable debug logging with { debug: true }
Backfill 7 days ending 2026-05-26 (vendor=88051795)

2026-05-26  ❌ HTTP error
2026-05-25  dl=  0  rev=   0.00  bytes=863
2026-05-24  dl=  0  rev=   0.00  bytes=876
2026-05-23  dl=  0  rev=   0.00  bytes=1041
2026-05-22  dl=  0  rev=   0.00  bytes=1573
2026-05-21  dl=  1  rev=   0.00  bytes=2832
2026-05-20  dl=  2  rev=   0.00  bytes=1951

Total: 6 days fetched, 3 downloads, 0.00 revenue, 2 non-zero days
[2026-05-26 22:00:15] 완료 (exit: 0)

[2026-05-27 06:00:01] iOS 백필 시작 (최근 7일)
[dotenv@17.3.1] injecting env (31) from .env.local -- tip: ⚙️  load multiple .env files with { path: ['.env.local', '.env'] }
Backfill 7 days ending 2026-05-26 (vendor=88051795)

2026-05-26  ❌ HTTP error
2026-05-25  dl=  0  rev=   0.00  bytes=863
2026-05-24  dl=  0  rev=   0.00  bytes=876
2026-05-23  dl=  0  rev=   0.00  bytes=1041
2026-05-22  dl=  0  rev=   0.00  bytes=1573
2026-05-21  dl=  1  rev=   0.00  bytes=2832
2026-05-20  dl=  2  rev=   0.00  bytes=1951

Total: 6 days fetched, 3 downloads, 0.00 revenue, 2 non-zero days
[2026-05-27 06:00:12] 완료 (exit: 0)

[2026-05-27 10:00:04] iOS 백필 시작 (최근 7일)
[dotenv@17.3.1] injecting env (31) from .env.local -- tip: 🔐 prevent committing .env to code: https://dotenvx.com/precommit
Backfill 7 days ending 2026-05-27 (vendor=88051795)

2026-05-27  ❌ HTTP error
2026-05-26  ❌ HTTP error
2026-05-25  dl=  0  rev=   0.00  bytes=863
2026-05-24  dl=  0  rev=   0.00  bytes=876
2026-05-23  dl=  0  rev=   0.00  bytes=1041
2026-05-22  dl=  0  rev=   0.00  bytes=1573
2026-05-21  dl=  1  rev=   0.00  bytes=2832

Total: 5 days fetched, 1 downloads, 0.00 revenue, 1 non-zero days
[2026-05-27 10:00:14] 완료 (exit: 0)

[2026-05-27 14:00:01] iOS 백필 시작 (최근 7일)
[dotenv@17.3.1] injecting env (31) from .env.local -- tip: ⚡️ secrets for agents: https://dotenvx.com/as2
Backfill 7 days ending 2026-05-27 (vendor=88051795)

2026-05-27  ❌ HTTP error
2026-05-26  ❌ HTTP error
2026-05-25  dl=  0  rev=   0.00  bytes=863
2026-05-24  dl=  0  rev=   0.00  bytes=876
2026-05-23  dl=  0  rev=   0.00  bytes=1041
2026-05-22  dl=  0  rev=   0.00  bytes=1573
2026-05-21  dl=  1  rev=   0.00  bytes=2832

Total: 5 days fetched, 1 downloads, 0.00 revenue, 1 non-zero days
[2026-05-27 14:00:12] 완료 (exit: 0)

[2026-05-27 18:00:02] iOS 백필 시작 (최근 7일)
[dotenv@17.3.1] injecting env (31) from .env.local -- tip: ⚙️  load multiple .env files with { path: ['.env.local', '.env'] }
Backfill 7 days ending 2026-05-27 (vendor=88051795)

2026-05-27  ❌ HTTP error
2026-05-26  ❌ HTTP error
2026-05-25  dl=  0  rev=   0.00  bytes=863
2026-05-24  dl=  0  rev=   0.00  bytes=876
2026-05-23  dl=  0  rev=   0.00  bytes=1041
2026-05-22  dl=  0  rev=   0.00  bytes=1573
2026-05-21  dl=  1  rev=   0.00  bytes=2832

Total: 5 days fetched, 1 downloads, 0.00 revenue, 1 non-zero days
[2026-05-27 18:00:12] 완료 (exit: 0)

[2026-05-27 22:00:01] iOS 백필 시작 (최근 7일)
[dotenv@17.3.1] injecting env (31) from .env.local -- tip: ⚡️ secrets for agents: https://dotenvx.com/as2
Backfill 7 days ending 2026-05-27 (vendor=88051795)

2026-05-27  ❌ HTTP error
2026-05-26  dl=  2  rev=   0.00  bytes=876
2026-05-25  dl=  0  rev=   0.00  bytes=863
2026-05-24  dl=  0  rev=   0.00  bytes=876
2026-05-23  dl=  0  rev=   0.00  bytes=1041
2026-05-22  dl=  0  rev=   0.00  bytes=1573
2026-05-21  dl=  1  rev=   0.00  bytes=2832

Total: 6 days fetched, 3 downloads, 0.00 revenue, 2 non-zero days
[2026-05-27 22:00:11] 완료 (exit: 0)

[2026-05-28 06:00:04] iOS 백필 시작 (최근 7일)
[dotenv@17.3.1] injecting env (31) from .env.local -- tip: ⚡️ secrets for agents: https://dotenvx.com/as2
Backfill 7 days ending 2026-05-27 (vendor=88051795)

2026-05-27  ❌ HTTP error
2026-05-26  dl=  2  rev=   0.00  bytes=876
2026-05-25  dl=  0  rev=   0.00  bytes=863
2026-05-24  dl=  0  rev=   0.00  bytes=876
2026-05-23  dl=  0  rev=   0.00  bytes=1041
2026-05-22  dl=  0  rev=   0.00  bytes=1573
2026-05-21  dl=  1  rev=   0.00  bytes=2832

Total: 6 days fetched, 3 downloads, 0.00 revenue, 2 non-zero days
[2026-05-28 06:00:17] 완료 (exit: 0)

[2026-05-28 10:00:02] iOS 백필 시작 (최근 7일)
[dotenv@17.3.1] injecting env (31) from .env.local -- tip: ⚙️  specify custom .env file path with { path: '/custom/path/.env' }
Backfill 7 days ending 2026-05-28 (vendor=88051795)

2026-05-28  ❌ HTTP error
2026-05-27  ❌ HTTP error
2026-05-26  dl=  2  rev=   0.00  bytes=876
2026-05-25  dl=  0  rev=   0.00  bytes=863
2026-05-24  dl=  0  rev=   0.00  bytes=876
2026-05-23  dl=  0  rev=   0.00  bytes=1041
2026-05-22  dl=  0  rev=   0.00  bytes=1573

Total: 5 days fetched, 2 downloads, 0.00 revenue, 1 non-zero days
[2026-05-28 10:00:13] 완료 (exit: 0)

[2026-05-28 14:00:01] iOS 백필 시작 (최근 7일)
[dotenv@17.3.1] injecting env (31) from .env.local -- tip: ⚡️ secrets for agents: https://dotenvx.com/as2
Backfill 7 days ending 2026-05-28 (vendor=88051795)

2026-05-28  ❌ HTTP error
2026-05-27  ❌ HTTP error
2026-05-26  dl=  2  rev=   0.00  bytes=876
2026-05-25  dl=  0  rev=   0.00  bytes=863
2026-05-24  dl=  0  rev=   0.00  bytes=876
2026-05-23  dl=  0  rev=   0.00  bytes=1041
2026-05-22  dl=  0  rev=   0.00  bytes=1573

Total: 5 days fetched, 2 downloads, 0.00 revenue, 1 non-zero days
[2026-05-28 14:00:10] 완료 (exit: 0)

[2026-05-28 18:00:04] iOS 백필 시작 (최근 7일)
[dotenv@17.3.1] injecting env (31) from .env.local -- tip: 🛡️ auth for agents: https://vestauth.com
Backfill 7 days ending 2026-05-28 (vendor=88051795)

2026-05-28  ❌ HTTP error
2026-05-27  ❌ HTTP error
2026-05-26  dl=  2  rev=   0.00  bytes=876
2026-05-25  dl=  0  rev=   0.00  bytes=863
2026-05-24  dl=  0  rev=   0.00  bytes=876
2026-05-23  dl=  0  rev=   0.00  bytes=1041
2026-05-22  dl=  0  rev=   0.00  bytes=1573

Total: 5 days fetched, 2 downloads, 0.00 revenue, 1 non-zero days
[2026-05-28 18:00:15] 완료 (exit: 0)

[2026-05-28 22:00:02] iOS 백필 시작 (최근 7일)
[dotenv@17.3.1] injecting env (31) from .env.local -- tip: ⚙️  override existing env vars with { override: true }
Backfill 7 days ending 2026-05-28 (vendor=88051795)

2026-05-28  ❌ HTTP error
2026-05-27  dl=  2  rev=   0.00  bytes=878
2026-05-26  dl=  2  rev=   0.00  bytes=876
2026-05-25  dl=  0  rev=   0.00  bytes=863
2026-05-24  dl=  0  rev=   0.00  bytes=876
2026-05-23  dl=  0  rev=   0.00  bytes=1041
2026-05-22  dl=  0  rev=   0.00  bytes=1573

Total: 6 days fetched, 4 downloads, 0.00 revenue, 2 non-zero days
[2026-05-28 22:00:12] 완료 (exit: 0)

[2026-05-29 06:00:05] iOS 백필 시작 (최근 7일)
[dotenv@17.3.1] injecting env (31) from .env.local -- tip: 🛡️ auth for agents: https://vestauth.com
Backfill 7 days ending 2026-05-28 (vendor=88051795)

2026-05-28  ❌ HTTP error
2026-05-27  dl=  2  rev=   0.00  bytes=878
2026-05-26  dl=  2  rev=   0.00  bytes=876
2026-05-25  dl=  0  rev=   0.00  bytes=863
2026-05-24  dl=  0  rev=   0.00  bytes=876
2026-05-23  dl=  0  rev=   0.00  bytes=1041
2026-05-22  dl=  0  rev=   0.00  bytes=1573

Total: 6 days fetched, 4 downloads, 0.00 revenue, 2 non-zero days
[2026-05-29 06:00:16] 완료 (exit: 0)

[2026-05-29 10:00:05] iOS 백필 시작 (최근 7일)
[dotenv@17.3.1] injecting env (31) from .env.local -- tip: ⚙️  override existing env vars with { override: true }
Backfill 7 days ending 2026-05-29 (vendor=88051795)

2026-05-29  ❌ HTTP error
2026-05-28  ❌ HTTP error
2026-05-27  dl=  2  rev=   0.00  bytes=878
2026-05-26  dl=  2  rev=   0.00  bytes=876
2026-05-25  dl=  0  rev=   0.00  bytes=863
2026-05-24  dl=  0  rev=   0.00  bytes=876
2026-05-23  dl=  0  rev=   0.00  bytes=1041

Total: 5 days fetched, 4 downloads, 0.00 revenue, 2 non-zero days
[2026-05-29 10:00:18] 완료 (exit: 0)

[2026-05-29 14:00:04] iOS 백필 시작 (최근 7일)
[dotenv@17.3.1] injecting env (31) from .env.local -- tip: 🔐 prevent building .env in docker: https://dotenvx.com/prebuild
Backfill 7 days ending 2026-05-29 (vendor=88051795)

2026-05-29  ❌ HTTP error
2026-05-28  ❌ HTTP error
2026-05-27  dl=  2  rev=   0.00  bytes=878
2026-05-26  dl=  2  rev=   0.00  bytes=876
2026-05-25  dl=  0  rev=   0.00  bytes=863
2026-05-24  dl=  0  rev=   0.00  bytes=876
2026-05-23  dl=  0  rev=   0.00  bytes=1041

Total: 5 days fetched, 4 downloads, 0.00 revenue, 2 non-zero days
[2026-05-29 14:00:14] 완료 (exit: 0)

[2026-05-29 18:00:05] iOS 백필 시작 (최근 7일)
[dotenv@17.3.1] injecting env (31) from .env.local -- tip: ⚡️ secrets for agents: https://dotenvx.com/as2
Backfill 7 days ending 2026-05-29 (vendor=88051795)

2026-05-29  ❌ HTTP error
2026-05-28  ❌ HTTP error
2026-05-27  dl=  2  rev=   0.00  bytes=878
2026-05-26  dl=  2  rev=   0.00  bytes=876
2026-05-25  dl=  0  rev=   0.00  bytes=863
2026-05-24  dl=  0  rev=   0.00  bytes=876
2026-05-23  dl=  0  rev=   0.00  bytes=1041

Total: 5 days fetched, 4 downloads, 0.00 revenue, 2 non-zero days
[2026-05-29 18:00:30] 완료 (exit: 0)

[2026-05-29 22:00:05] iOS 백필 시작 (최근 7일)
[dotenv@17.3.1] injecting env (31) from .env.local -- tip: ⚡️ secrets for agents: https://dotenvx.com/as2
Backfill 7 days ending 2026-05-29 (vendor=88051795)

2026-05-29  ❌ HTTP error
2026-05-28  dl=  0  rev=   0.00  bytes=1768
2026-05-27  dl=  2  rev=   0.00  bytes=878
2026-05-26  dl=  2  rev=   0.00  bytes=876
2026-05-25  dl=  0  rev=   0.00  bytes=863
2026-05-24  dl=  0  rev=   0.00  bytes=876
2026-05-23  dl=  0  rev=   0.00  bytes=1041

Total: 6 days fetched, 4 downloads, 0.00 revenue, 2 non-zero days
[2026-05-29 22:00:19] 완료 (exit: 0)

[2026-05-30 06:00:05] iOS 백필 시작 (최근 7일)
[dotenv@17.3.1] injecting env (31) from .env.local -- tip: ⚙️  write to custom object with { processEnv: myObject }
Backfill 7 days ending 2026-05-29 (vendor=88051795)

2026-05-29  ❌ HTTP error
2026-05-28  dl=  0  rev=   0.00  bytes=1768
2026-05-27  dl=  2  rev=   0.00  bytes=878
2026-05-26  dl=  2  rev=   0.00  bytes=876
2026-05-25  dl=  0  rev=   0.00  bytes=863
2026-05-24  dl=  0  rev=   0.00  bytes=876
2026-05-23  dl=  0  rev=   0.00  bytes=1041

Total: 6 days fetched, 4 downloads, 0.00 revenue, 2 non-zero days
[2026-05-30 06:00:16] 완료 (exit: 0)

[2026-05-30 10:00:05] iOS 백필 시작 (최근 7일)
[dotenv@17.3.1] injecting env (31) from .env.local -- tip: 🛡️ auth for agents: https://vestauth.com
Backfill 7 days ending 2026-05-30 (vendor=88051795)

2026-05-30  ❌ HTTP error
2026-05-29  ❌ HTTP error
2026-05-28  dl=  0  rev=   0.00  bytes=1768
2026-05-27  dl=  2  rev=   0.00  bytes=878
2026-05-26  dl=  2  rev=   0.00  bytes=876
2026-05-25  dl=  0  rev=   0.00  bytes=863
2026-05-24  dl=  0  rev=   0.00  bytes=876

Total: 5 days fetched, 4 downloads, 0.00 revenue, 2 non-zero days
[2026-05-30 10:00:15] 완료 (exit: 0)

[2026-05-30 14:00:04] iOS 백필 시작 (최근 7일)
[dotenv@17.3.1] injecting env (31) from .env.local -- tip: ⚙️  override existing env vars with { override: true }
Backfill 7 days ending 2026-05-30 (vendor=88051795)

2026-05-30  ❌ HTTP error
2026-05-29  ❌ HTTP error
2026-05-28  dl=  0  rev=   0.00  bytes=1768
2026-05-27  dl=  2  rev=   0.00  bytes=878
2026-05-26  dl=  2  rev=   0.00  bytes=876
2026-05-25  dl=  0  rev=   0.00  bytes=863
2026-05-24  dl=  0  rev=   0.00  bytes=876

Total: 5 days fetched, 4 downloads, 0.00 revenue, 2 non-zero days
[2026-05-30 14:00:15] 완료 (exit: 0)

[2026-05-30 18:00:05] iOS 백필 시작 (최근 7일)
[dotenv@17.3.1] injecting env (31) from .env.local -- tip: ⚙️  suppress all logs with { quiet: true }
Backfill 7 days ending 2026-05-30 (vendor=88051795)

2026-05-30  ❌ HTTP error
2026-05-29  ❌ HTTP error
2026-05-28  dl=  0  rev=   0.00  bytes=1768
2026-05-27  dl=  2  rev=   0.00  bytes=878
2026-05-26  dl=  2  rev=   0.00  bytes=876
2026-05-25  dl=  0  rev=   0.00  bytes=863
2026-05-24  dl=  0  rev=   0.00  bytes=876

Total: 5 days fetched, 4 downloads, 0.00 revenue, 2 non-zero days
[2026-05-30 18:00:14] 완료 (exit: 0)

[2026-05-30 22:00:05] iOS 백필 시작 (최근 7일)
[dotenv@17.3.1] injecting env (31) from .env.local -- tip: ⚙️  load multiple .env files with { path: ['.env.local', '.env'] }
Backfill 7 days ending 2026-05-30 (vendor=88051795)

2026-05-30  ❌ HTTP error
2026-05-29  dl=  1  rev=   0.00  bytes=2120
2026-05-28  dl=  0  rev=   0.00  bytes=1768
2026-05-27  dl=  2  rev=   0.00  bytes=878
2026-05-26  dl=  2  rev=   0.00  bytes=876
2026-05-25  dl=  0  rev=   0.00  bytes=863
2026-05-24  dl=  0  rev=   0.00  bytes=876

Total: 6 days fetched, 5 downloads, 0.00 revenue, 3 non-zero days
[2026-05-30 22:00:17] 완료 (exit: 0)

[2026-05-31 06:00:01] iOS 백필 시작 (최근 7일)
[dotenv@17.3.1] injecting env (31) from .env.local -- tip: ⚙️  write to custom object with { processEnv: myObject }
Backfill 7 days ending 2026-05-30 (vendor=88051795)

2026-05-30  ❌ HTTP error
2026-05-29  dl=  1  rev=   0.00  bytes=2120
2026-05-28  dl=  0  rev=   0.00  bytes=1768
2026-05-27  dl=  2  rev=   0.00  bytes=878
2026-05-26  dl=  2  rev=   0.00  bytes=876
2026-05-25  dl=  0  rev=   0.00  bytes=863
2026-05-24  dl=  0  rev=   0.00  bytes=876

Total: 6 days fetched, 5 downloads, 0.00 revenue, 3 non-zero days
[2026-05-31 06:00:12] 완료 (exit: 0)

[2026-05-31 10:00:05] iOS 백필 시작 (최근 7일)
[dotenv@17.3.1] injecting env (31) from .env.local -- tip: ⚙️  suppress all logs with { quiet: true }
Backfill 7 days ending 2026-05-31 (vendor=88051795)

2026-05-31  ❌ HTTP error
2026-05-30  ❌ HTTP error
2026-05-29  dl=  1  rev=   0.00  bytes=2120
2026-05-28  dl=  0  rev=   0.00  bytes=1768
2026-05-27  dl=  2  rev=   0.00  bytes=878
2026-05-26  dl=  2  rev=   0.00  bytes=876
2026-05-25  dl=  0  rev=   0.00  bytes=863

Total: 5 days fetched, 5 downloads, 0.00 revenue, 3 non-zero days
[2026-05-31 10:00:15] 완료 (exit: 0)

[2026-05-31 14:00:03] iOS 백필 시작 (최근 7일)
[dotenv@17.3.1] injecting env (31) from .env.local -- tip: 🔐 prevent committing .env to code: https://dotenvx.com/precommit
Backfill 7 days ending 2026-05-31 (vendor=88051795)

2026-05-31  ❌ HTTP error
2026-05-30  ❌ HTTP error
2026-05-29  ❌ HTTP error
2026-05-28  ❌ HTTP error
2026-05-27  ❌ HTTP error
2026-05-26  ❌ HTTP error
2026-05-25  ❌ HTTP error

Total: 0 days fetched, 0 downloads, 0.00 revenue, 0 non-zero days
[2026-05-31 14:00:09] 완료 (exit: 0)

[2026-05-31 18:00:02] iOS 백필 시작 (최근 7일)
[dotenv@17.3.1] injecting env (31) from .env.local -- tip: ⚙️  load multiple .env files with { path: ['.env.local', '.env'] }
Backfill 7 days ending 2026-05-31 (vendor=88051795)

2026-05-31  ❌ HTTP error
2026-05-30  ❌ HTTP error
2026-05-29  dl=  1  rev=   0.00  bytes=2120
2026-05-28  dl=  0  rev=   0.00  bytes=1768
2026-05-27  dl=  2  rev=   0.00  bytes=878
2026-05-26  dl=  2  rev=   0.00  bytes=876
2026-05-25  dl=  0  rev=   0.00  bytes=863

Total: 5 days fetched, 5 downloads, 0.00 revenue, 3 non-zero days
[2026-05-31 18:00:14] 완료 (exit: 0)

[2026-05-31 22:00:02] iOS 백필 시작 (최근 7일)
npm warn exec The following package was not found and will be installed: tsx@4.22.4
[dotenv@17.3.1] injecting env (31) from .env.local -- tip: ⚙️  enable debug logging with { debug: true }
Backfill 7 days ending 2026-05-31 (vendor=88051795)

2026-05-31  ❌ HTTP error
2026-05-30  dl=  3  rev=   0.00  bytes=1567
2026-05-29  dl=  1  rev=   0.00  bytes=2120
2026-05-28  dl=  0  rev=   0.00  bytes=1768
2026-05-27  dl=  2  rev=   0.00  bytes=878
2026-05-26  dl=  2  rev=   0.00  bytes=876
2026-05-25  dl=  0  rev=   0.00  bytes=863

Total: 6 days fetched, 8 downloads, 0.00 revenue, 4 non-zero days
[2026-05-31 22:00:14] 완료 (exit: 0)

[2026-06-01 06:00:01] iOS 백필 시작 (최근 7일)
[dotenv@17.3.1] injecting env (31) from .env.local -- tip: 🔐 encrypt with Dotenvx: https://dotenvx.com
Backfill 7 days ending 2026-05-31 (vendor=88051795)

2026-05-31  ❌ HTTP error
2026-05-30  dl=  3  rev=   0.00  bytes=1567
2026-05-29  dl=  1  rev=   0.00  bytes=2120
2026-05-28  dl=  0  rev=   0.00  bytes=1768
2026-05-27  dl=  2  rev=   0.00  bytes=878
2026-05-26  dl=  2  rev=   0.00  bytes=876
2026-05-25  dl=  0  rev=   0.00  bytes=863

Total: 6 days fetched, 8 downloads, 0.00 revenue, 4 non-zero days
[2026-06-01 06:00:12] 완료 (exit: 0)

[2026-06-01 10:00:04] iOS 백필 시작 (최근 7일)
[dotenv@17.3.1] injecting env (31) from .env.local -- tip: ⚙️  override existing env vars with { override: true }
Backfill 7 days ending 2026-06-01 (vendor=88051795)

2026-06-01  ❌ HTTP error
2026-05-31  ❌ HTTP error
2026-05-30  dl=  3  rev=   0.00  bytes=1567
2026-05-29  dl=  1  rev=   0.00  bytes=2120
2026-05-28  dl=  0  rev=   0.00  bytes=1768
2026-05-27  dl=  2  rev=   0.00  bytes=878
2026-05-26  dl=  2  rev=   0.00  bytes=876

Total: 5 days fetched, 8 downloads, 0.00 revenue, 4 non-zero days
[2026-06-01 10:00:14] 완료 (exit: 0)

[2026-06-01 14:00:02] iOS 백필 시작 (최근 7일)
[dotenv@17.3.1] injecting env (31) from .env.local -- tip: ⚡️ secrets for agents: https://dotenvx.com/as2
Backfill 7 days ending 2026-06-01 (vendor=88051795)

2026-06-01  ❌ HTTP error
2026-05-31  ❌ HTTP error
2026-05-30  dl=  3  rev=   0.00  bytes=1567
2026-05-29  dl=  1  rev=   0.00  bytes=2120
2026-05-28  dl=  0  rev=   0.00  bytes=1768
2026-05-27  dl=  2  rev=   0.00  bytes=878
2026-05-26  dl=  2  rev=   0.00  bytes=876

Total: 5 days fetched, 8 downloads, 0.00 revenue, 4 non-zero days
[2026-06-01 14:00:12] 완료 (exit: 0)

[2026-06-01 18:00:02] iOS 백필 시작 (최근 7일)
[dotenv@17.3.1] injecting env (31) from .env.local -- tip: 🤖 agentic secret storage: https://dotenvx.com/as2
Backfill 7 days ending 2026-06-01 (vendor=88051795)

2026-06-01  ❌ HTTP error
2026-05-31  ❌ HTTP error
2026-05-30  dl=  3  rev=   0.00  bytes=1567
2026-05-29  dl=  1  rev=   0.00  bytes=2120
2026-05-28  dl=  0  rev=   0.00  bytes=1768
2026-05-27  dl=  2  rev=   0.00  bytes=878
2026-05-26  dl=  2  rev=   0.00  bytes=876

Total: 5 days fetched, 8 downloads, 0.00 revenue, 4 non-zero days
[2026-06-01 18:00:11] 완료 (exit: 0)

[2026-06-01 22:00:05] iOS 백필 시작 (최근 7일)
[dotenv@17.3.1] injecting env (31) from .env.local -- tip: ⚡️ secrets for agents: https://dotenvx.com/as2
Backfill 7 days ending 2026-06-01 (vendor=88051795)

2026-06-01  ❌ HTTP error
2026-05-31  dl=  4  rev=   0.00  bytes=2114
2026-05-30  dl=  3  rev=   0.00  bytes=1567
2026-05-29  dl=  1  rev=   0.00  bytes=2120
2026-05-28  dl=  0  rev=   0.00  bytes=1768
2026-05-27  dl=  2  rev=   0.00  bytes=878
2026-05-26  dl=  2  rev=   0.00  bytes=876

Total: 6 days fetched, 12 downloads, 0.00 revenue, 5 non-zero days
[2026-06-01 22:00:16] 완료 (exit: 0)

[2026-06-02 06:00:01] iOS 백필 시작 (최근 7일)
[dotenv@17.3.1] injecting env (31) from .env.local -- tip: ⚙️  override existing env vars with { override: true }
Backfill 7 days ending 2026-06-01 (vendor=88051795)

2026-06-01  ❌ HTTP error
2026-05-31  dl=  4  rev=   0.00  bytes=2114
2026-05-30  dl=  3  rev=   0.00  bytes=1567
2026-05-29  dl=  1  rev=   0.00  bytes=2120
2026-05-28  dl=  0  rev=   0.00  bytes=1768
2026-05-27  dl=  2  rev=   0.00  bytes=878
2026-05-26  dl=  2  rev=   0.00  bytes=876

Total: 6 days fetched, 12 downloads, 0.00 revenue, 5 non-zero days
[2026-06-02 06:00:15] 완료 (exit: 0)

[2026-06-02 10:00:02] iOS 백필 시작 (최근 7일)
[dotenv@17.3.1] injecting env (31) from .env.local -- tip: ⚡️ secrets for agents: https://dotenvx.com/as2
Backfill 7 days ending 2026-06-02 (vendor=88051795)

2026-06-02  ❌ HTTP error
2026-06-01  ❌ HTTP error
2026-05-31  dl=  4  rev=   0.00  bytes=2114
2026-05-30  dl=  3  rev=   0.00  bytes=1567
2026-05-29  dl=  1  rev=   0.00  bytes=2120
2026-05-28  dl=  0  rev=   0.00  bytes=1768
2026-05-27  dl=  2  rev=   0.00  bytes=878

Total: 5 days fetched, 10 downloads, 0.00 revenue, 4 non-zero days
[2026-06-02 10:00:12] 완료 (exit: 0)

[2026-06-02 14:00:04] iOS 백필 시작 (최근 7일)
[dotenv@17.3.1] injecting env (31) from .env.local -- tip: ⚙️  override existing env vars with { override: true }
Backfill 7 days ending 2026-06-02 (vendor=88051795)

2026-06-02  ❌ HTTP error
2026-06-01  ❌ HTTP error
2026-05-31  dl=  4  rev=   0.00  bytes=2114
2026-05-30  dl=  3  rev=   0.00  bytes=1567
2026-05-29  dl=  1  rev=   0.00  bytes=2120
2026-05-28  dl=  0  rev=   0.00  bytes=1768
2026-05-27  dl=  2  rev=   0.00  bytes=878

Total: 5 days fetched, 10 downloads, 0.00 revenue, 4 non-zero days
[2026-06-02 14:00:35] 완료 (exit: 0)

[2026-06-02 18:00:05] iOS 백필 시작 (최근 7일)
[dotenv@17.3.1] injecting env (31) from .env.local -- tip: ⚙️  specify custom .env file path with { path: '/custom/path/.env' }
Backfill 7 days ending 2026-06-02 (vendor=88051795)

2026-06-02  ❌ HTTP error
2026-06-01  ❌ HTTP error
2026-05-31  dl=  4  rev=   0.00  bytes=2114
2026-05-30  dl=  3  rev=   0.00  bytes=1567
2026-05-29  dl=  1  rev=   0.00  bytes=2120
2026-05-28  dl=  0  rev=   0.00  bytes=1768
2026-05-27  dl=  2  rev=   0.00  bytes=878

Total: 5 days fetched, 10 downloads, 0.00 revenue, 4 non-zero days
[2026-06-02 18:00:15] 완료 (exit: 0)

[2026-06-02 22:00:01] iOS 백필 시작 (최근 7일)
[dotenv@17.3.1] injecting env (31) from .env.local -- tip: ⚙️  write to custom object with { processEnv: myObject }
Backfill 7 days ending 2026-06-02 (vendor=88051795)

2026-06-02  ❌ HTTP error
2026-06-01  dl=  1  rev=   0.00  bytes=2835
2026-05-31  dl=  4  rev=   0.00  bytes=2114
2026-05-30  dl=  3  rev=   0.00  bytes=1567
2026-05-29  dl=  1  rev=   0.00  bytes=2120
2026-05-28  dl=  0  rev=   0.00  bytes=1768
2026-05-27  dl=  2  rev=   0.00  bytes=878

Total: 6 days fetched, 11 downloads, 0.00 revenue, 5 non-zero days
[2026-06-02 22:00:13] 완료 (exit: 0)

[2026-06-03 06:00:04] iOS 백필 시작 (최근 7일)
[dotenv@17.3.1] injecting env (31) from .env.local -- tip: ⚙️  override existing env vars with { override: true }
Backfill 7 days ending 2026-06-02 (vendor=88051795)

2026-06-02  ❌ HTTP error
2026-06-01  dl=  1  rev=   0.00  bytes=2835
2026-05-31  dl=  4  rev=   0.00  bytes=2114
2026-05-30  dl=  3  rev=   0.00  bytes=1567
2026-05-29  dl=  1  rev=   0.00  bytes=2120
2026-05-28  dl=  0  rev=   0.00  bytes=1768
2026-05-27  dl=  2  rev=   0.00  bytes=878

Total: 6 days fetched, 11 downloads, 0.00 revenue, 5 non-zero days
[2026-06-03 06:00:16] 완료 (exit: 0)

[2026-06-03 10:00:01] iOS 백필 시작 (최근 7일)
[dotenv@17.3.1] injecting env (31) from .env.local -- tip: ⚙️  specify custom .env file path with { path: '/custom/path/.env' }
Backfill 7 days ending 2026-06-03 (vendor=88051795)

2026-06-03  ❌ HTTP error
2026-06-02  ❌ HTTP error
2026-06-01  dl=  1  rev=   0.00  bytes=2835
2026-05-31  dl=  4  rev=   0.00  bytes=2114
2026-05-30  dl=  3  rev=   0.00  bytes=1567
2026-05-29  dl=  1  rev=   0.00  bytes=2120
2026-05-28  dl=  0  rev=   0.00  bytes=1768

Total: 5 days fetched, 9 downloads, 0.00 revenue, 4 non-zero days
[2026-06-03 10:00:11] 완료 (exit: 0)

[2026-06-03 14:00:01] iOS 백필 시작 (최근 7일)
[dotenv@17.3.1] injecting env (31) from .env.local -- tip: ⚙️  suppress all logs with { quiet: true }
Backfill 7 days ending 2026-06-03 (vendor=88051795)

2026-06-03  ❌ HTTP error
2026-06-02  ❌ HTTP error
2026-06-01  dl=  1  rev=   0.00  bytes=2835
2026-05-31  dl=  4  rev=   0.00  bytes=2114
2026-05-30  dl=  3  rev=   0.00  bytes=1567
2026-05-29  dl=  1  rev=   0.00  bytes=2120
2026-05-28  dl=  0  rev=   0.00  bytes=1768

Total: 5 days fetched, 9 downloads, 0.00 revenue, 4 non-zero days
[2026-06-03 14:00:11] 완료 (exit: 0)

[2026-06-03 18:00:04] iOS 백필 시작 (최근 7일)
[dotenv@17.3.1] injecting env (31) from .env.local -- tip: ⚙️  override existing env vars with { override: true }
Backfill 7 days ending 2026-06-03 (vendor=88051795)

2026-06-03  ❌ HTTP error
2026-06-02  ❌ HTTP error
2026-06-01  dl=  1  rev=   0.00  bytes=2835
2026-05-31  dl=  4  rev=   0.00  bytes=2114
2026-05-30  dl=  3  rev=   0.00  bytes=1567
2026-05-29  dl=  1  rev=   0.00  bytes=2120
2026-05-28  dl=  0  rev=   0.00  bytes=1768

Total: 5 days fetched, 9 downloads, 0.00 revenue, 4 non-zero days
[2026-06-03 18:00:15] 완료 (exit: 0)

[2026-06-03 22:00:03] iOS 백필 시작 (최근 7일)
[dotenv@17.3.1] injecting env (31) from .env.local -- tip: ⚙️  write to custom object with { processEnv: myObject }
Backfill 7 days ending 2026-06-03 (vendor=88051795)

2026-06-03  ❌ HTTP error
2026-06-02  dl=  0  rev=   0.00  bytes=2834
2026-06-01  dl=  1  rev=   0.00  bytes=2835
2026-05-31  dl=  4  rev=   0.00  bytes=2114
2026-05-30  dl=  3  rev=   0.00  bytes=1567
2026-05-29  dl=  1  rev=   0.00  bytes=2120
2026-05-28  dl=  0  rev=   0.00  bytes=1768

Total: 6 days fetched, 9 downloads, 0.00 revenue, 4 non-zero days
[2026-06-03 22:00:16] 완료 (exit: 0)

[2026-06-04 06:00:02] iOS 백필 시작 (최근 7일)
[dotenv@17.3.1] injecting env (31) from .env.local -- tip: 🔐 prevent committing .env to code: https://dotenvx.com/precommit
Backfill 7 days ending 2026-06-03 (vendor=88051795)

2026-06-03  ❌ HTTP error
2026-06-02  dl=  0  rev=   0.00  bytes=2834
2026-06-01  dl=  1  rev=   0.00  bytes=2835
2026-05-31  dl=  4  rev=   0.00  bytes=2114
2026-05-30  dl=  3  rev=   0.00  bytes=1567
2026-05-29  dl=  1  rev=   0.00  bytes=2120
2026-05-28  dl=  0  rev=   0.00  bytes=1768

Total: 6 days fetched, 9 downloads, 0.00 revenue, 4 non-zero days
[2026-06-04 06:00:13] 완료 (exit: 0)

[2026-06-04 10:00:01] iOS 백필 시작 (최근 7일)
[dotenv@17.3.1] injecting env (31) from .env.local -- tip: ⚙️  override existing env vars with { override: true }
Backfill 7 days ending 2026-06-04 (vendor=88051795)

2026-06-04  ❌ HTTP error
2026-06-03  ❌ HTTP error
2026-06-02  dl=  0  rev=   0.00  bytes=2834
2026-06-01  dl=  1  rev=   0.00  bytes=2835
2026-05-31  dl=  4  rev=   0.00  bytes=2114
2026-05-30  dl=  3  rev=   0.00  bytes=1567
2026-05-29  dl=  1  rev=   0.00  bytes=2120

Total: 5 days fetched, 9 downloads, 0.00 revenue, 4 non-zero days
[2026-06-04 10:00:12] 완료 (exit: 0)

